<?xml version="1.0" encoding="UTF-8"?>
<coverage generated="1770161718686" clover="3.2.0">
  <project timestamp="1770161718686" name="All files">
    <metrics statements="390" coveredstatements="308" conditionals="221" coveredconditionals="146" methods="36" coveredmethods="22" elements="647" coveredelements="476" complexity="0" loc="390" ncloc="390" packages="4" files="8" classes="8"/>
    <package name="google-antigravity">
      <metrics statements="80" coveredstatements="34" conditionals="34" coveredconditionals="14" methods="7" coveredmethods="2"/>
      <file name="update.js" path="D:\Github\google-antigravity\update.js">
        <metrics statements="80" coveredstatements="34" conditionals="34" coveredconditionals="14" methods="7" coveredmethods="2"/>
        <line num="3" count="1" type="stmt"/>
        <line num="4" count="1" type="stmt"/>
        <line num="5" count="1" type="stmt"/>
        <line num="6" count="1" type="stmt"/>
        <line num="8" count="1" type="stmt"/>
        <line num="9" count="1" type="stmt"/>
        <line num="10" count="1" type="stmt"/>
        <line num="11" count="1" type="stmt"/>
        <line num="12" count="1" type="stmt"/>
        <line num="14" count="1" type="stmt"/>
        <line num="15" count="1" type="stmt"/>
        <line num="18" count="0" type="stmt"/>
        <line num="20" count="0" type="cond" truecount="0" falsecount="2"/>
        <line num="21" count="0" type="stmt"/>
        <line num="22" count="0" type="stmt"/>
        <line num="25" count="0" type="stmt"/>
        <line num="26" count="0" type="stmt"/>
        <line num="28" count="0" type="stmt"/>
        <line num="29" count="0" type="stmt"/>
        <line num="32" count="0" type="stmt"/>
        <line num="33" count="0" type="cond" truecount="0" falsecount="2"/>
        <line num="34" count="0" type="stmt"/>
        <line num="35" count="0" type="stmt"/>
        <line num="36" count="0" type="cond" truecount="0" falsecount="2"/>
        <line num="40" count="0" type="cond" truecount="0" falsecount="2"/>
        <line num="41" count="0" type="stmt"/>
        <line num="43" count="0" type="stmt"/>
        <line num="45" count="0" type="stmt"/>
        <line num="46" count="0" type="stmt"/>
        <line num="48" count="0" type="stmt"/>
        <line num="49" count="0" type="stmt"/>
        <line num="50" count="0" type="stmt"/>
        <line num="52" count="0" type="cond" truecount="0" falsecount="2"/>
        <line num="53" count="0" type="cond" truecount="0" falsecount="2"/>
        <line num="55" count="0" type="stmt"/>
        <line num="59" count="0" type="stmt"/>
        <line num="61" count="0" type="stmt"/>
        <line num="62" count="0" type="stmt"/>
        <line num="66" count="1" type="cond" truecount="1" falsecount="1"/>
        <line num="67" count="0" type="stmt"/>
        <line num="68" count="0" type="stmt"/>
        <line num="69" count="0" type="stmt"/>
        <line num="74" count="4" type="stmt"/>
        <line num="76" count="4" type="stmt"/>
        <line num="77" count="4" type="stmt"/>
        <line num="78" count="4" type="stmt"/>
        <line num="80" count="4" type="cond" truecount="1" falsecount="1"/>
        <line num="81" count="0" type="cond" truecount="0" falsecount="2"/>
        <line num="82" count="0" type="stmt"/>
        <line num="84" count="4" type="stmt"/>
        <line num="86" count="4" type="cond" truecount="2" falsecount="0"/>
        <line num="87" count="3" type="stmt"/>
        <line num="88" count="3" type="stmt"/>
        <line num="89" count="3" type="stmt"/>
        <line num="90" count="3" type="stmt"/>
        <line num="92" count="3" type="cond" truecount="4" falsecount="0"/>
        <line num="93" count="2" type="stmt"/>
        <line num="94" count="2" type="stmt"/>
        <line num="99" count="4" type="stmt"/>
        <line num="101" count="4" type="cond" truecount="2" falsecount="0"/>
        <line num="102" count="2" type="stmt"/>
        <line num="103" count="2" type="stmt"/>
        <line num="105" count="2" type="cond" truecount="4" falsecount="0"/>
        <line num="106" count="1" type="stmt"/>
        <line num="112" count="4" type="stmt"/>
        <line num="118" count="0" type="stmt"/>
        <line num="119" count="0" type="stmt"/>
        <line num="120" count="0" type="stmt"/>
        <line num="121" count="0" type="stmt"/>
        <line num="123" count="0" type="stmt"/>
        <line num="124" count="0" type="stmt"/>
        <line num="125" count="0" type="cond" truecount="0" falsecount="2"/>
        <line num="126" count="0" type="stmt"/>
        <line num="127" count="0" type="stmt"/>
        <line num="128" count="0" type="stmt"/>
        <line num="129" count="0" type="cond" truecount="0" falsecount="2"/>
        <line num="130" count="0" type="stmt"/>
        <line num="134" count="0" type="stmt"/>
        <line num="136" count="0" type="stmt"/>
        <line num="140" count="1" type="stmt"/>
      </file>
    </package>
    <package name="google-antigravity.cli">
      <metrics statements="221" coveredstatements="191" conditionals="130" coveredconditionals="87" methods="22" coveredmethods="13"/>
      <file name="create.js" path="D:\Github\google-antigravity\cli\create.js">
        <metrics statements="171" coveredstatements="153" conditionals="102" coveredconditionals="77" methods="11" coveredmethods="11"/>
        <line num="5" count="3" type="stmt"/>
        <line num="6" count="3" type="stmt"/>
        <line num="7" count="3" type="stmt"/>
        <line num="8" count="3" type="stmt"/>
        <line num="9" count="3" type="stmt"/>
        <line num="10" count="3" type="stmt"/>
        <line num="11" count="3" type="stmt"/>
        <line num="14" count="10" type="stmt"/>
        <line num="16" count="10" type="cond" truecount="2" falsecount="0"/>
        <line num="17" count="10" type="cond" truecount="1" falsecount="1"/>
        <line num="21" count="10" type="cond" truecount="1" falsecount="1"/>
        <line num="24" count="10" type="cond" truecount="1" falsecount="1"/>
        <line num="25" count="10" type="stmt"/>
        <line num="28" count="10" type="cond" truecount="3" falsecount="1"/>
        <line num="29" count="0" type="stmt"/>
        <line num="30" count="0" type="stmt"/>
        <line num="33" count="10" type="stmt"/>
        <line num="34" count="10" type="stmt"/>
        <line num="35" count="10" type="stmt"/>
        <line num="36" count="10" type="stmt"/>
        <line num="37" count="10" type="stmt"/>
        <line num="40" count="10" type="stmt"/>
        <line num="41" count="10" type="stmt"/>
        <line num="44" count="10" type="stmt"/>
        <line num="45" count="10" type="stmt"/>
        <line num="48" count="10" type="cond" truecount="3" falsecount="1"/>
        <line num="49" count="10" type="stmt"/>
        <line num="50" count="10" type="stmt"/>
        <line num="51" count="10" type="stmt"/>
        <line num="55" count="10" type="cond" truecount="1" falsecount="1"/>
        <line num="56" count="10" type="stmt"/>
        <line num="57" count="10" type="stmt"/>
        <line num="58" count="10" type="stmt"/>
        <line num="64" count="10" type="stmt"/>
        <line num="65" count="10" type="stmt"/>
        <line num="66" count="10" type="stmt"/>
        <line num="69" count="10" type="stmt"/>
        <line num="70" count="10" type="stmt"/>
        <line num="71" count="10" type="stmt"/>
        <line num="72" count="10" type="stmt"/>
        <line num="74" count="0" type="stmt"/>
        <line num="78" count="10" type="stmt"/>
        <line num="81" count="0" type="stmt"/>
        <line num="82" count="0" type="stmt"/>
        <line num="88" count="20" type="cond" truecount="1" falsecount="1"/>
        <line num="89" count="20" type="stmt"/>
        <line num="93" count="0" type="stmt"/>
        <line num="94" count="0" type="stmt"/>
        <line num="95" count="0" type="stmt"/>
        <line num="96" count="0" type="stmt"/>
        <line num="97" count="0" type="stmt"/>
        <line num="102" count="20" type="stmt"/>
        <line num="104" count="3487" type="cond" truecount="2" falsecount="0"/>
        <line num="105" count="912" type="stmt"/>
        <line num="107" count="912" type="cond" truecount="10" falsecount="0"/>
        <line num="115" count="60" type="stmt"/>
        <line num="119" count="3427" type="stmt"/>
        <line num="124" count="10" type="stmt"/>
        <line num="125" count="10" type="stmt"/>
        <line num="126" count="10" type="stmt"/>
        <line num="129" count="10" type="stmt"/>
        <line num="132" count="10" type="cond" truecount="1" falsecount="1"/>
        <line num="133" count="10" type="stmt"/>
        <line num="135" count="10" type="stmt"/>
        <line num="136" count="130" type="cond" truecount="5" falsecount="0"/>
        <line num="137" count="20" type="stmt"/>
        <line num="140" count="110" type="stmt"/>
        <line num="141" count="110" type="stmt"/>
        <line num="143" count="110" type="stmt"/>
        <line num="148" count="10" type="stmt"/>
        <line num="151" count="10" type="stmt"/>
        <line num="152" count="10" type="stmt"/>
        <line num="154" count="10" type="cond" truecount="1" falsecount="1"/>
        <line num="155" count="10" type="stmt"/>
        <line num="156" count="10" type="stmt"/>
        <line num="158" count="10" type="cond" truecount="1" falsecount="1"/>
        <line num="159" count="0" type="stmt"/>
        <line num="161" count="10" type="stmt"/>
        <line num="166" count="10" type="stmt"/>
        <line num="167" count="10" type="stmt"/>
        <line num="169" count="10" type="cond" truecount="1" falsecount="1"/>
        <line num="170" count="10" type="stmt"/>
        <line num="172" count="10" type="cond" truecount="1" falsecount="1"/>
        <line num="173" count="10" type="stmt"/>
        <line num="175" count="10" type="cond" truecount="1" falsecount="1"/>
        <line num="176" count="0" type="stmt"/>
        <line num="178" count="10" type="stmt"/>
        <line num="184" count="10" type="stmt"/>
        <line num="185" count="10" type="stmt"/>
        <line num="187" count="10" type="stmt"/>
        <line num="188" count="20" type="stmt"/>
        <line num="189" count="20" type="stmt"/>
        <line num="190" count="20" type="cond" truecount="3" falsecount="1"/>
        <line num="191" count="20" type="stmt"/>
        <line num="192" count="20" type="stmt"/>
        <line num="193" count="0" type="cond" truecount="0" falsecount="2"/>
        <line num="194" count="0" type="stmt"/>
        <line num="200" count="10" type="stmt"/>
        <line num="201" count="10" type="stmt"/>
        <line num="202" count="10" type="stmt"/>
        <line num="205" count="10" type="cond" truecount="1" falsecount="1"/>
        <line num="206" count="0" type="stmt"/>
        <line num="207" count="0" type="stmt"/>
        <line num="208" count="0" type="stmt"/>
        <line num="211" count="10" type="stmt"/>
        <line num="213" count="10" type="stmt"/>
        <line num="214" count="442" type="stmt"/>
        <line num="215" count="442" type="cond" truecount="2" falsecount="0"/>
        <line num="216" count="182" type="stmt"/>
        <line num="217" count="182" type="stmt"/>
        <line num="225" count="10" type="stmt"/>
        <line num="226" count="10" type="stmt"/>
        <line num="228" count="10" type="stmt"/>
        <line num="229" count="260" type="stmt"/>
        <line num="230" count="260" type="stmt"/>
        <line num="231" count="260" type="cond" truecount="2" falsecount="0"/>
        <line num="232" count="170" type="stmt"/>
        <line num="241" count="10" type="stmt"/>
        <line num="243" count="10" type="cond" truecount="1" falsecount="1"/>
        <line num="244" count="10" type="stmt"/>
        <line num="258" count="10" type="stmt"/>
        <line num="262" count="10" type="stmt"/>
        <line num="264" count="0" type="stmt"/>
        <line num="268" count="10" type="stmt"/>
        <line num="269" count="10" type="cond" truecount="1" falsecount="1"/>
        <line num="270" count="10" type="stmt"/>
        <line num="283" count="10" type="stmt"/>
        <line num="284" count="10" type="stmt"/>
        <line num="288" count="10" type="stmt"/>
        <line num="289" count="10" type="cond" truecount="1" falsecount="1"/>
        <line num="290" count="10" type="stmt"/>
        <line num="295" count="10" type="stmt"/>
        <line num="296" count="10" type="stmt"/>
        <line num="302" count="56" type="stmt"/>
        <line num="317" count="56" type="cond" truecount="1" falsecount="1"/>
        <line num="318" count="56" type="stmt"/>
        <line num="321" count="56" type="stmt"/>
        <line num="331" count="56" type="cond" truecount="1" falsecount="1"/>
        <line num="333" count="56" type="stmt"/>
        <line num="397" count="56" type="stmt"/>
        <line num="465" count="56" type="cond" truecount="2" falsecount="0"/>
        <line num="469" count="10" type="stmt"/>
        <line num="470" count="10" type="stmt"/>
        <line num="471" count="10" type="stmt"/>
        <line num="472" count="10" type="stmt"/>
        <line num="475" count="10" type="stmt"/>
        <line num="476" count="10" type="stmt"/>
        <line num="477" count="10" type="stmt"/>
        <line num="478" count="10" type="stmt"/>
        <line num="479" count="10" type="cond" truecount="1" falsecount="1"/>
        <line num="482" count="10" type="stmt"/>
        <line num="483" count="10" type="stmt"/>
        <line num="484" count="10" type="cond" truecount="2" falsecount="0"/>
        <line num="485" count="10" type="stmt"/>
        <line num="487" count="10" type="cond" truecount="1" falsecount="1"/>
        <line num="489" count="10" type="cond" truecount="2" falsecount="0"/>
        <line num="490" count="5" type="stmt"/>
        <line num="491" count="5" type="stmt"/>
        <line num="492" count="5" type="stmt"/>
        <line num="494" count="5" type="stmt"/>
        <line num="495" count="5" type="stmt"/>
        <line num="496" count="5" type="stmt"/>
        <line num="500" count="10" type="stmt"/>
        <line num="501" count="10" type="stmt"/>
        <line num="503" count="10" type="stmt"/>
        <line num="504" count="10" type="cond" truecount="2" falsecount="0"/>
        <line num="505" count="10" type="stmt"/>
        <line num="506" count="10" type="stmt"/>
        <line num="507" count="10" type="stmt"/>
        <line num="508" count="10" type="stmt"/>
        <line num="511" count="3" type="stmt"/>
      </file>
      <file name="prompts.js" path="D:\Github\google-antigravity\cli\prompts.js">
        <metrics statements="50" coveredstatements="38" conditionals="28" coveredconditionals="10" methods="11" coveredmethods="2"/>
        <line num="1" count="5" type="stmt"/>
        <line num="2" count="5" type="stmt"/>
        <line num="3" count="5" type="stmt"/>
        <line num="4" count="5" type="stmt"/>
        <line num="7" count="5" type="stmt"/>
        <line num="8" count="5" type="stmt"/>
        <line num="9" count="5" type="stmt"/>
        <line num="10" count="5" type="stmt"/>
        <line num="14" count="19" type="stmt"/>
        <line num="15" count="19" type="stmt"/>
        <line num="16" count="19" type="stmt"/>
        <line num="17" count="19" type="stmt"/>
        <line num="18" count="19" type="stmt"/>
        <line num="19" count="19" type="stmt"/>
        <line num="20" count="19" type="stmt"/>
        <line num="21" count="19" type="stmt"/>
        <line num="22" count="19" type="stmt"/>
        <line num="23" count="19" type="stmt"/>
        <line num="24" count="19" type="stmt"/>
        <line num="25" count="19" type="stmt"/>
        <line num="26" count="19" type="stmt"/>
        <line num="30" count="20" type="cond" truecount="2" falsecount="0"/>
        <line num="31" count="1" type="stmt"/>
        <line num="47" count="19" type="stmt"/>
        <line num="49" count="19" type="stmt"/>
        <line num="50" count="19" type="stmt"/>
        <line num="56" count="19" type="stmt"/>
        <line num="70" count="0" type="cond" truecount="0" falsecount="2"/>
        <line num="73" count="0" type="cond" truecount="0" falsecount="2"/>
        <line num="74" count="0" type="stmt"/>
        <line num="76" count="0" type="stmt"/>
        <line num="82" count="0" type="cond" truecount="0" falsecount="2"/>
        <line num="83" count="0" type="cond" truecount="0" falsecount="2"/>
        <line num="97" count="0" type="cond" truecount="0" falsecount="2"/>
        <line num="98" count="0" type="cond" truecount="0" falsecount="2"/>
        <line num="114" count="0" type="cond" truecount="0" falsecount="2"/>
        <line num="115" count="0" type="cond" truecount="0" falsecount="4"/>
        <line num="119" count="0" type="stmt"/>
        <line num="120" count="0" type="stmt"/>
        <line num="125" count="19" type="stmt"/>
        <line num="126" count="19" type="cond" truecount="2" falsecount="0"/>
        <line num="127" count="11" type="stmt"/>
        <line num="131" count="19" type="stmt"/>
        <line num="136" count="19" type="stmt"/>
        <line num="139" count="19" type="stmt"/>
        <line num="142" count="19" type="stmt"/>
        <line num="145" count="19" type="stmt"/>
        <line num="151" count="19" type="stmt"/>
        <line num="161" count="19" type="stmt"/>
        <line num="164" count="5" type="stmt"/>
      </file>
    </package>
    <package name="google-antigravity.cli.lib">
      <metrics statements="23" coveredstatements="21" conditionals="13" coveredconditionals="8" methods="1" coveredmethods="1"/>
      <file name="auto-update.js" path="D:\Github\google-antigravity\cli\lib\auto-update.js">
        <metrics statements="23" coveredstatements="21" conditionals="13" coveredconditionals="8" methods="1" coveredmethods="1"/>
        <line num="1" count="1" type="stmt"/>
        <line num="2" count="1" type="stmt"/>
        <line num="3" count="1" type="stmt"/>
        <line num="4" count="1" type="stmt"/>
        <line num="8" count="3" type="cond" truecount="1" falsecount="1"/>
        <line num="9" count="3" type="cond" truecount="1" falsecount="1"/>
        <line num="10" count="3" type="cond" truecount="1" falsecount="1"/>
        <line num="11" count="3" type="cond" truecount="1" falsecount="1"/>
        <line num="14" count="3" type="stmt"/>
        <line num="16" count="3" type="cond" truecount="2" falsecount="0"/>
        <line num="17" count="2" type="stmt"/>
        <line num="18" count="2" type="stmt"/>
        <line num="20" count="2" type="stmt"/>
        <line num="27" count="2" type="cond" truecount="2" falsecount="0"/>
        <line num="28" count="1" type="stmt"/>
        <line num="29" count="1" type="stmt"/>
        <line num="30" count="1" type="stmt"/>
        <line num="31" count="1" type="stmt"/>
        <line num="32" count="1" type="stmt"/>
        <line num="34" count="0" type="stmt"/>
        <line num="35" count="0" type="stmt"/>
        <line num="38" count="1" type="stmt"/>
        <line num="43" count="1" type="stmt"/>
      </file>
    </package>
    <package name="google-antigravity.cli.logic">
      <metrics statements="66" coveredstatements="62" conditionals="44" coveredconditionals="37" methods="6" coveredmethods="6"/>
      <file name="product-skills.js" path="D:\Github\google-antigravity\cli\logic\product-skills.js">
        <metrics statements="20" coveredstatements="17" conditionals="8" coveredconditionals="7" methods="1" coveredmethods="1"/>
        <line num="7" count="19" type="stmt"/>
        <line num="10" count="19" type="cond" truecount="2" falsecount="0"/>
        <line num="11" count="15" type="stmt"/>
        <line num="12" count="15" type="stmt"/>
        <line num="13" count="15" type="stmt"/>
        <line num="14" count="15" type="stmt"/>
        <line num="18" count="19" type="cond" truecount="2" falsecount="0"/>
        <line num="19" count="2" type="stmt"/>
        <line num="20" count="2" type="stmt"/>
        <line num="24" count="19" type="cond" truecount="1" falsecount="1"/>
        <line num="25" count="0" type="stmt"/>
        <line num="26" count="0" type="stmt"/>
        <line num="27" count="0" type="stmt"/>
        <line num="31" count="19" type="cond" truecount="2" falsecount="0"/>
        <line num="32" count="2" type="stmt"/>
        <line num="33" count="2" type="stmt"/>
        <line num="34" count="2" type="stmt"/>
        <line num="35" count="2" type="stmt"/>
        <line num="38" count="19" type="stmt"/>
        <line num="41" count="5" type="stmt"/>
      </file>
      <file name="scale-rules.js" path="D:\Github\google-antigravity\cli\logic\scale-rules.js">
        <metrics statements="17" coveredstatements="17" conditionals="4" coveredconditionals="4" methods="1" coveredmethods="1"/>
        <line num="2" count="19" type="stmt"/>
        <line num="3" count="19" type="stmt"/>
        <line num="4" count="19" type="stmt"/>
        <line num="5" count="19" type="stmt"/>
        <line num="7" count="19" type="cond" truecount="2" falsecount="0"/>
        <line num="8" count="6" type="stmt"/>
        <line num="9" count="6" type="stmt"/>
        <line num="10" count="6" type="stmt"/>
        <line num="11" count="13" type="cond" truecount="2" falsecount="0"/>
        <line num="13" count="7" type="stmt"/>
        <line num="14" count="7" type="stmt"/>
        <line num="15" count="7" type="stmt"/>
        <line num="18" count="6" type="stmt"/>
        <line num="19" count="6" type="stmt"/>
        <line num="20" count="6" type="stmt"/>
        <line num="23" count="19" type="stmt"/>
        <line num="26" count="5" type="stmt"/>
      </file>
      <file name="skill-definitions.js" path="D:\Github\google-antigravity\cli\logic\skill-definitions.js">
        <metrics statements="7" coveredstatements="7" conditionals="2" coveredconditionals="2" methods="2" coveredmethods="2"/>
        <line num="5" count="5" type="stmt"/>
        <line num="119" count="13" type="stmt"/>
        <line num="120" count="13" type="stmt"/>
        <line num="121" count="76" type="cond" truecount="2" falsecount="0"/>
        <line num="122" count="75" type="stmt"/>
        <line num="125" count="13" type="stmt"/>
        <line num="128" count="5" type="stmt"/>
      </file>
      <file name="workflow-manager.js" path="D:\Github\google-antigravity\cli\logic\workflow-manager.js">
        <metrics statements="22" coveredstatements="21" conditionals="30" coveredconditionals="24" methods="2" coveredmethods="2"/>
        <line num="5" count="5" type="stmt"/>
        <line num="12" count="5" type="stmt"/>
        <line num="23" count="19" type="stmt"/>
        <line num="24" count="19" type="cond" truecount="1" falsecount="1"/>
        <line num="27" count="19" type="cond" truecount="3" falsecount="1"/>
        <line num="28" count="19" type="stmt"/>
        <line num="29" count="494" type="cond" truecount="1" falsecount="1"/>
        <line num="30" count="494" type="stmt"/>
        <line num="36" count="19" type="cond" truecount="5" falsecount="0"/>
        <line num="37" count="15" type="stmt"/>
        <line num="39" count="19" type="cond" truecount="4" falsecount="1"/>
        <line num="40" count="0" type="stmt"/>
        <line num="42" count="19" type="cond" truecount="2" falsecount="2"/>
        <line num="43" count="19" type="stmt"/>
        <line num="45" count="19" type="cond" truecount="2" falsecount="0"/>
        <line num="46" count="2" type="stmt"/>
        <line num="48" count="19" type="cond" truecount="4" falsecount="0"/>
        <line num="49" count="17" type="stmt"/>
        <line num="51" count="19" type="cond" truecount="2" falsecount="0"/>
        <line num="52" count="2" type="stmt"/>
        <line num="55" count="19" type="stmt"/>
        <line num="58" count="5" type="stmt"/>
      </file>
    </package>
  </project>
</coverage>
