<?xml version="1.0" encoding="UTF-8"?>
<coverage generated="1769979914166" clover="3.2.0">
  <project timestamp="1769979914166" name="All files">
    <metrics statements="75" coveredstatements="58" conditionals="54" coveredconditionals="31" methods="14" coveredmethods="3" elements="143" coveredelements="92" complexity="0" loc="75" ncloc="75" packages="1" files="1" classes="1"/>
    <file name="prompts.js" path="D:\Github\google-antigravity\cli\prompts.js">
      <metrics statements="75" coveredstatements="58" conditionals="54" coveredconditionals="31" methods="14" coveredmethods="3"/>
      <line num="5" count="1" type="stmt"/>
      <line num="6" count="1" type="stmt"/>
      <line num="7" count="1" type="stmt"/>
      <line num="8" count="1" type="stmt"/>
      <line num="12" count="9" type="stmt"/>
      <line num="13" count="9" type="stmt"/>
      <line num="14" count="9" type="stmt"/>
      <line num="15" count="9" type="stmt"/>
      <line num="16" count="9" type="stmt"/>
      <line num="17" count="9" type="stmt"/>
      <line num="18" count="9" type="stmt"/>
      <line num="19" count="9" type="stmt"/>
      <line num="20" count="9" type="stmt"/>
      <line num="21" count="9" type="stmt"/>
      <line num="22" count="9" type="stmt"/>
      <line num="23" count="9" type="stmt"/>
      <line num="24" count="9" type="stmt"/>
      <line num="27" count="1" type="stmt"/>
      <line num="83" count="10" type="cond" truecount="2" falsecount="0"/>
      <line num="84" count="1" type="stmt"/>
      <line num="98" count="9" type="stmt"/>
      <line num="100" count="9" type="stmt"/>
      <line num="101" count="9" type="stmt"/>
      <line num="107" count="9" type="stmt"/>
      <line num="121" count="0" type="cond" truecount="0" falsecount="2"/>
      <line num="124" count="0" type="cond" truecount="0" falsecount="2"/>
      <line num="125" count="0" type="stmt"/>
      <line num="127" count="0" type="stmt"/>
      <line num="133" count="0" type="cond" truecount="0" falsecount="2"/>
      <line num="134" count="0" type="cond" truecount="0" falsecount="2"/>
      <line num="148" count="0" type="cond" truecount="0" falsecount="2"/>
      <line num="149" count="0" type="cond" truecount="0" falsecount="2"/>
      <line num="171" count="0" type="cond" truecount="0" falsecount="2"/>
      <line num="172" count="0" type="cond" truecount="0" falsecount="4"/>
      <line num="176" count="0" type="stmt"/>
      <line num="177" count="0" type="stmt"/>
      <line num="182" count="9" type="cond" truecount="2" falsecount="0"/>
      <line num="183" count="1" type="stmt"/>
      <line num="187" count="9" type="stmt"/>
      <line num="191" count="9" type="stmt"/>
      <line num="198" count="9" type="stmt"/>
      <line num="209" count="9" type="stmt"/>
      <line num="210" count="9" type="stmt"/>
      <line num="211" count="9" type="stmt"/>
      <line num="214" count="9" type="cond" truecount="2" falsecount="0"/>
      <line num="216" count="3" type="stmt"/>
      <line num="217" count="3" type="stmt"/>
      <line num="218" count="3" type="stmt"/>
      <line num="219" count="6" type="cond" truecount="2" falsecount="0"/>
      <line num="221" count="4" type="stmt"/>
      <line num="222" count="4" type="stmt"/>
      <line num="223" count="4" type="stmt"/>
      <line num="226" count="2" type="stmt"/>
      <line num="227" count="2" type="stmt"/>
      <line num="228" count="2" type="stmt"/>
      <line num="231" count="9" type="cond" truecount="1" falsecount="1"/>
      <line num="232" count="9" type="stmt"/>
      <line num="235" count="9" type="cond" truecount="3" falsecount="1"/>
      <line num="236" count="9" type="stmt"/>
      <line num="237" count="73" type="cond" truecount="1" falsecount="1"/>
      <line num="238" count="73" type="stmt"/>
      <line num="244" count="9" type="cond" truecount="4" falsecount="0"/>
      <line num="245" count="2" type="stmt"/>
      <line num="247" count="9" type="cond" truecount="4" falsecount="0"/>
      <line num="248" count="3" type="stmt"/>
      <line num="250" count="9" type="cond" truecount="4" falsecount="0"/>
      <line num="251" count="3" type="stmt"/>
      <line num="254" count="9" type="stmt"/>
      <line num="263" count="9" type="stmt"/>
      <line num="267" count="0" type="stmt"/>
      <line num="268" count="0" type="stmt"/>
      <line num="269" count="0" type="cond" truecount="0" falsecount="2"/>
      <line num="270" count="0" type="stmt"/>
      <line num="273" count="0" type="stmt"/>
      <line num="276" count="1" type="stmt"/>
    </file>
  </project>
</coverage>
