{"D:\\Github\\google-antigravity\\update.js": {"path":"D:\\Github\\google-antigravity\\update.js","statementMap":{"0":{"start":{"line":3,"column":11},"end":{"line":3,"column":24}},"1":{"start":{"line":4,"column":13},"end":{"line":4,"column":28}},"2":{"start":{"line":5,"column":11},"end":{"line":5,"column":24}},"3":{"start":{"line":6,"column":21},"end":{"line":6,"column":45}},"4":{"start":{"line":8,"column":19},"end":{"line":8,"column":58}},"5":{"start":{"line":9,"column":22},"end":{"line":9,"column":31}},"6":{"start":{"line":10,"column":28},"end":{"line":10,"column":60}},"7":{"start":{"line":11,"column":31},"end":{"line":11,"column":66}},"8":{"start":{"line":12,"column":20},"end":{"line":12,"column":57}},"9":{"start":{"line":14,"column":21},"end":{"line":14,"column":42}},"10":{"start":{"line":15,"column":19},"end":{"line":15,"column":38}},"11":{"start":{"line":18,"column":4},"end":{"line":18,"column":72}},"12":{"start":{"line":20,"column":4},"end":{"line":23,"column":5}},"13":{"start":{"line":21,"column":8},"end":{"line":21,"column":94}},"14":{"start":{"line":22,"column":8},"end":{"line":22,"column":24}},"15":{"start":{"line":25,"column":22},"end":{"line":25,"column":73}},"16":{"start":{"line":26,"column":25},"end":{"line":26,"column":79}},"17":{"start":{"line":28,"column":4},"end":{"line":28,"column":56}},"18":{"start":{"line":29,"column":4},"end":{"line":29,"column":64}},"19":{"start":{"line":32,"column":15},"end":{"line":32,"column":19}},"20":{"start":{"line":33,"column":4},"end":{"line":38,"column":5}},"21":{"start":{"line":34,"column":8},"end":{"line":37,"column":22}},"22":{"start":{"line":35,"column":27},"end":{"line":35,"column":76}},"23":{"start":{"line":36,"column":12},"end":{"line":36,"column":39}},"24":{"start":{"line":40,"column":4},"end":{"line":63,"column":5}},"25":{"start":{"line":41,"column":8},"end":{"line":41,"column":64}},"26":{"start":{"line":43,"column":8},"end":{"line":43,"column":83}},"27":{"start":{"line":45,"column":28},"end":{"line":45,"column":81}},"28":{"start":{"line":46,"column":28},"end":{"line":46,"column":62}},"29":{"start":{"line":48,"column":8},"end":{"line":56,"column":11}},"30":{"start":{"line":49,"column":27},"end":{"line":49,"column":57}},"31":{"start":{"line":50,"column":28},"end":{"line":50,"column":57}},"32":{"start":{"line":52,"column":12},"end":{"line":52,"column":47}},"33":{"start":{"line":52,"column":40},"end":{"line":52,"column":47}},"34":{"start":{"line":53,"column":12},"end":{"line":53,"column":84}},"35":{"start":{"line":53,"column":41},"end":{"line":53,"column":84}},"36":{"start":{"line":55,"column":12},"end":{"line":55,"column":45}},"37":{"start":{"line":59,"column":8},"end":{"line":59,"column":32}},"38":{"start":{"line":61,"column":8},"end":{"line":61,"column":69}},"39":{"start":{"line":62,"column":8},"end":{"line":62,"column":99}},"40":{"start":{"line":66,"column":0},"end":{"line":71,"column":1}},"41":{"start":{"line":67,"column":4},"end":{"line":70,"column":7}},"42":{"start":{"line":68,"column":8},"end":{"line":68,"column":27}},"43":{"start":{"line":69,"column":8},"end":{"line":69,"column":24}},"44":{"start":{"line":74,"column":18},"end":{"line":74,"column":40}},"45":{"start":{"line":76,"column":4},"end":{"line":114,"column":7}},"46":{"start":{"line":77,"column":24},"end":{"line":77,"column":47}},"47":{"start":{"line":78,"column":25},"end":{"line":78,"column":49}},"48":{"start":{"line":80,"column":8},"end":{"line":113,"column":9}},"49":{"start":{"line":81,"column":12},"end":{"line":81,"column":86}},"50":{"start":{"line":81,"column":42},"end":{"line":81,"column":86}},"51":{"start":{"line":82,"column":12},"end":{"line":82,"column":47}},"52":{"start":{"line":84,"column":34},"end":{"line":84,"column":36}},"53":{"start":{"line":86,"column":12},"end":{"line":97,"column":13}},"54":{"start":{"line":87,"column":16},"end":{"line":96,"column":30}},"55":{"start":{"line":88,"column":42},"end":{"line":88,"column":75}},"56":{"start":{"line":89,"column":37},"end":{"line":89,"column":72}},"57":{"start":{"line":90,"column":35},"end":{"line":90,"column":68}},"58":{"start":{"line":92,"column":20},"end":{"line":95,"column":21}},"59":{"start":{"line":93,"column":24},"end":{"line":93,"column":106}},"60":{"start":{"line":94,"column":24},"end":{"line":94,"column":82}},"61":{"start":{"line":99,"column":29},"end":{"line":99,"column":61}},"62":{"start":{"line":101,"column":12},"end":{"line":110,"column":13}},"63":{"start":{"line":102,"column":36},"end":{"line":102,"column":68}},"64":{"start":{"line":103,"column":34},"end":{"line":103,"column":64}},"65":{"start":{"line":105,"column":16},"end":{"line":109,"column":17}},"66":{"start":{"line":106,"column":20},"end":{"line":108,"column":67}},"67":{"start":{"line":112,"column":12},"end":{"line":112,"column":51}},"68":{"start":{"line":118,"column":4},"end":{"line":118,"column":57}},"69":{"start":{"line":119,"column":4},"end":{"line":137,"column":5}},"70":{"start":{"line":120,"column":30},"end":{"line":120,"column":146}},"71":{"start":{"line":121,"column":28},"end":{"line":121,"column":62}},"72":{"start":{"line":123,"column":8},"end":{"line":133,"column":11}},"73":{"start":{"line":124,"column":29},"end":{"line":124,"column":61}},"74":{"start":{"line":125,"column":12},"end":{"line":132,"column":13}},"75":{"start":{"line":126,"column":30},"end":{"line":126,"column":64}},"76":{"start":{"line":127,"column":29},"end":{"line":127,"column":58}},"77":{"start":{"line":128,"column":35},"end":{"line":128,"column":95}},"78":{"start":{"line":129,"column":16},"end":{"line":131,"column":17}},"79":{"start":{"line":130,"column":20},"end":{"line":130,"column":59}},"80":{"start":{"line":134,"column":8},"end":{"line":134,"column":65}},"81":{"start":{"line":136,"column":8},"end":{"line":136,"column":75}},"82":{"start":{"line":140,"column":0},"end":{"line":146,"column":2}}},"fnMap":{"0":{"name":"main","decl":{"start":{"line":17,"column":15},"end":{"line":17,"column":19}},"loc":{"start":{"line":17,"column":22},"end":{"line":64,"column":1}},"line":17},"1":{"name":"(anonymous_1)","decl":{"start":{"line":48,"column":28},"end":{"line":48,"column":29}},"loc":{"start":{"line":48,"column":38},"end":{"line":56,"column":9}},"line":48},"2":{"name":"(anonymous_2)","decl":{"start":{"line":67,"column":17},"end":{"line":67,"column":18}},"loc":{"start":{"line":67,"column":24},"end":{"line":70,"column":5}},"line":67},"3":{"name":"syncRecursively","decl":{"start":{"line":73,"column":9},"end":{"line":73,"column":24}},"loc":{"start":{"line":73,"column":42},"end":{"line":115,"column":1}},"line":73},"4":{"name":"(anonymous_4)","decl":{"start":{"line":76,"column":18},"end":{"line":76,"column":19}},"loc":{"start":{"line":76,"column":26},"end":{"line":114,"column":5}},"line":76},"5":{"name":"localizeWorkflows","decl":{"start":{"line":117,"column":9},"end":{"line":117,"column":26}},"loc":{"start":{"line":117,"column":33},"end":{"line":138,"column":1}},"line":117},"6":{"name":"(anonymous_6)","decl":{"start":{"line":123,"column":43},"end":{"line":123,"column":44}},"loc":{"start":{"line":123,"column":55},"end":{"line":133,"column":9}},"line":123}},"branchMap":{"0":{"loc":{"start":{"line":20,"column":4},"end":{"line":23,"column":5}},"type":"if","locations":[{"start":{"line":20,"column":4},"end":{"line":23,"column":5}},{"start":{},"end":{}}],"line":20},"1":{"loc":{"start":{"line":33,"column":4},"end":{"line":38,"column":5}},"type":"if","locations":[{"start":{"line":33,"column":4},"end":{"line":38,"column":5}},{"start":{},"end":{}}],"line":33},"2":{"loc":{"start":{"line":36,"column":19},"end":{"line":36,"column":38}},"type":"binary-expr","locations":[{"start":{"line":36,"column":19},"end":{"line":36,"column":30}},{"start":{"line":36,"column":34},"end":{"line":36,"column":38}}],"line":36},"3":{"loc":{"start":{"line":40,"column":4},"end":{"line":63,"column":5}},"type":"if","locations":[{"start":{"line":40,"column":4},"end":{"line":63,"column":5}},{"start":{"line":42,"column":11},"end":{"line":63,"column":5}}],"line":40},"4":{"loc":{"start":{"line":52,"column":12},"end":{"line":52,"column":47}},"type":"if","locations":[{"start":{"line":52,"column":12},"end":{"line":52,"column":47}},{"start":{},"end":{}}],"line":52},"5":{"loc":{"start":{"line":53,"column":12},"end":{"line":53,"column":84}},"type":"if","locations":[{"start":{"line":53,"column":12},"end":{"line":53,"column":84}},{"start":{},"end":{}}],"line":53},"6":{"loc":{"start":{"line":66,"column":0},"end":{"line":71,"column":1}},"type":"if","locations":[{"start":{"line":66,"column":0},"end":{"line":71,"column":1}},{"start":{},"end":{}}],"line":66},"7":{"loc":{"start":{"line":80,"column":8},"end":{"line":113,"column":9}},"type":"if","locations":[{"start":{"line":80,"column":8},"end":{"line":113,"column":9}},{"start":{"line":83,"column":15},"end":{"line":113,"column":9}}],"line":80},"8":{"loc":{"start":{"line":81,"column":12},"end":{"line":81,"column":86}},"type":"if","locations":[{"start":{"line":81,"column":12},"end":{"line":81,"column":86}},{"start":{},"end":{}}],"line":81},"9":{"loc":{"start":{"line":86,"column":12},"end":{"line":97,"column":13}},"type":"if","locations":[{"start":{"line":86,"column":12},"end":{"line":97,"column":13}},{"start":{},"end":{}}],"line":86},"10":{"loc":{"start":{"line":92,"column":20},"end":{"line":95,"column":21}},"type":"if","locations":[{"start":{"line":92,"column":20},"end":{"line":95,"column":21}},{"start":{},"end":{}}],"line":92},"11":{"loc":{"start":{"line":92,"column":24},"end":{"line":92,"column":56}},"type":"binary-expr","locations":[{"start":{"line":92,"column":24},"end":{"line":92,"column":39}},{"start":{"line":92,"column":43},"end":{"line":92,"column":56}}],"line":92},"12":{"loc":{"start":{"line":101,"column":12},"end":{"line":110,"column":13}},"type":"if","locations":[{"start":{"line":101,"column":12},"end":{"line":110,"column":13}},{"start":{},"end":{}}],"line":101},"13":{"loc":{"start":{"line":105,"column":16},"end":{"line":109,"column":17}},"type":"if","locations":[{"start":{"line":105,"column":16},"end":{"line":109,"column":17}},{"start":{},"end":{}}],"line":105},"14":{"loc":{"start":{"line":105,"column":20},"end":{"line":105,"column":58}},"type":"binary-expr","locations":[{"start":{"line":105,"column":20},"end":{"line":105,"column":38}},{"start":{"line":105,"column":42},"end":{"line":105,"column":58}}],"line":105},"15":{"loc":{"start":{"line":125,"column":12},"end":{"line":132,"column":13}},"type":"if","locations":[{"start":{"line":125,"column":12},"end":{"line":132,"column":13}},{"start":{},"end":{}}],"line":125},"16":{"loc":{"start":{"line":129,"column":16},"end":{"line":131,"column":17}},"type":"if","locations":[{"start":{"line":129,"column":16},"end":{"line":131,"column":17}},{"start":{},"end":{}}],"line":129}},"s":{"0":1,"1":1,"2":1,"3":1,"4":1,"5":1,"6":1,"7":1,"8":1,"9":1,"10":1,"11":0,"12":0,"13":0,"14":0,"15":0,"16":0,"17":0,"18":0,"19":0,"20":0,"21":0,"22":0,"23":0,"24":0,"25":0,"26":0,"27":0,"28":0,"29":0,"30":0,"31":0,"32":0,"33":0,"34":0,"35":0,"36":0,"37":0,"38":0,"39":0,"40":1,"41":0,"42":0,"43":0,"44":4,"45":4,"46":4,"47":4,"48":4,"49":0,"50":0,"51":0,"52":4,"53":4,"54":3,"55":3,"56":3,"57":3,"58":3,"59":2,"60":2,"61":4,"62":4,"63":2,"64":2,"65":2,"66":1,"67":4,"68":0,"69":0,"70":0,"71":0,"72":0,"73":0,"74":0,"75":0,"76":0,"77":0,"78":0,"79":0,"80":0,"81":0,"82":1},"f":{"0":0,"1":0,"2":0,"3":4,"4":4,"5":0,"6":0},"b":{"0":[0,0],"1":[0,0],"2":[0,0],"3":[0,0],"4":[0,0],"5":[0,0],"6":[0,1],"7":[0,4],"8":[0,0],"9":[3,1],"10":[2,1],"11":[3,2],"12":[2,2],"13":[1,1],"14":[2,1],"15":[0,0],"16":[0,0]},"_coverageSchema":"1a1c01bbd47fc00a2c39e90264f33305004495a9","hash":"9c543a61f8fe1bf038078e254a28d1caeae27303"}
}
