{"D:\\Github\\google-antigravity\\cli\\create.js": {"path":"D:\\Github\\google-antigravity\\cli\\create.js","statementMap":{"0":{"start":{"line":5,"column":11},"end":{"line":5,"column":30}},"1":{"start":{"line":6,"column":13},"end":{"line":6,"column":28}},"2":{"start":{"line":7,"column":14},"end":{"line":7,"column":30}},"3":{"start":{"line":8,"column":12},"end":{"line":8,"column":26}},"4":{"start":{"line":9,"column":21},"end":{"line":9,"column":45}},"5":{"start":{"line":10,"column":53},"end":{"line":10,"column":73}},"6":{"start":{"line":11,"column":17},"end":{"line":11,"column":43}},"7":{"start":{"line":14,"column":4},"end":{"line":83,"column":5}},"8":{"start":{"line":16,"column":29},"end":{"line":16,"column":64}},"9":{"start":{"line":17,"column":27},"end":{"line":17,"column":84}},"10":{"start":{"line":21,"column":23},"end":{"line":21,"column":107}},"11":{"start":{"line":24,"column":28},"end":{"line":24,"column":106}},"12":{"start":{"line":25,"column":33},"end":{"line":25,"column":51}},"13":{"start":{"line":28,"column":8},"end":{"line":31,"column":9}},"14":{"start":{"line":29,"column":12},"end":{"line":29,"column":94}},"15":{"start":{"line":30,"column":12},"end":{"line":30,"column":28}},"16":{"start":{"line":33,"column":8},"end":{"line":33,"column":26}},"17":{"start":{"line":34,"column":8},"end":{"line":34,"column":54}},"18":{"start":{"line":35,"column":8},"end":{"line":35,"column":76}},"19":{"start":{"line":36,"column":8},"end":{"line":36,"column":54}},"20":{"start":{"line":37,"column":8},"end":{"line":37,"column":24}},"21":{"start":{"line":40,"column":24},"end":{"line":40,"column":68}},"22":{"start":{"line":41,"column":8},"end":{"line":41,"column":55}},"23":{"start":{"line":44,"column":8},"end":{"line":44,"column":53}},"24":{"start":{"line":45,"column":8},"end":{"line":45,"column":53}},"25":{"start":{"line":48,"column":8},"end":{"line":52,"column":9}},"26":{"start":{"line":49,"column":12},"end":{"line":49,"column":59}},"27":{"start":{"line":50,"column":12},"end":{"line":50,"column":85}},"28":{"start":{"line":51,"column":12},"end":{"line":51,"column":91}},"29":{"start":{"line":55,"column":8},"end":{"line":59,"column":9}},"30":{"start":{"line":56,"column":12},"end":{"line":56,"column":53}},"31":{"start":{"line":57,"column":12},"end":{"line":57,"column":63}},"32":{"start":{"line":58,"column":12},"end":{"line":58,"column":79}},"33":{"start":{"line":64,"column":8},"end":{"line":64,"column":59}},"34":{"start":{"line":65,"column":8},"end":{"line":65,"column":51}},"35":{"start":{"line":66,"column":8},"end":{"line":66,"column":55}},"36":{"start":{"line":69,"column":8},"end":{"line":69,"column":56}},"37":{"start":{"line":70,"column":8},"end":{"line":75,"column":9}},"38":{"start":{"line":71,"column":12},"end":{"line":71,"column":72}},"39":{"start":{"line":72,"column":12},"end":{"line":72,"column":58}},"40":{"start":{"line":74,"column":12},"end":{"line":74,"column":71}},"41":{"start":{"line":78,"column":8},"end":{"line":78,"column":54}},"42":{"start":{"line":81,"column":8},"end":{"line":81,"column":79}},"43":{"start":{"line":82,"column":8},"end":{"line":82,"column":24}},"44":{"start":{"line":88,"column":4},"end":{"line":90,"column":5}},"45":{"start":{"line":89,"column":8},"end":{"line":89,"column":59}},"46":{"start":{"line":93,"column":16},"end":{"line":93,"column":38}},"47":{"start":{"line":94,"column":16},"end":{"line":94,"column":38}},"48":{"start":{"line":95,"column":17},"end":{"line":95,"column":45}},"49":{"start":{"line":96,"column":20},"end":{"line":96,"column":55}},"50":{"start":{"line":97,"column":4},"end":{"line":97,"column":70}},"51":{"start":{"line":102,"column":4},"end":{"line":120,"column":6}},"52":{"start":{"line":104,"column":8},"end":{"line":117,"column":9}},"53":{"start":{"line":105,"column":29},"end":{"line":105,"column":46}},"54":{"start":{"line":107,"column":12},"end":{"line":116,"column":13}},"55":{"start":{"line":115,"column":16},"end":{"line":115,"column":29}},"56":{"start":{"line":119,"column":8},"end":{"line":119,"column":20}},"57":{"start":{"line":124,"column":27},"end":{"line":124,"column":63}},"58":{"start":{"line":125,"column":25},"end":{"line":125,"column":57}},"59":{"start":{"line":126,"column":19},"end":{"line":126,"column":53}},"60":{"start":{"line":129,"column":4},"end":{"line":129,"column":52}},"61":{"start":{"line":132,"column":4},"end":{"line":145,"column":5}},"62":{"start":{"line":133,"column":24},"end":{"line":133,"column":79}},"63":{"start":{"line":135,"column":8},"end":{"line":144,"column":9}},"64":{"start":{"line":136,"column":12},"end":{"line":138,"column":13}},"65":{"start":{"line":137,"column":16},"end":{"line":137,"column":25}},"66":{"start":{"line":140,"column":36},"end":{"line":140,"column":73}},"67":{"start":{"line":141,"column":34},"end":{"line":141,"column":69}},"68":{"start":{"line":143,"column":12},"end":{"line":143,"column":70}},"69":{"start":{"line":148,"column":4},"end":{"line":148,"column":73}},"70":{"start":{"line":151,"column":23},"end":{"line":151,"column":59}},"71":{"start":{"line":152,"column":27},"end":{"line":152,"column":74}},"72":{"start":{"line":154,"column":4},"end":{"line":163,"column":5}},"73":{"start":{"line":155,"column":30},"end":{"line":155,"column":118}},"74":{"start":{"line":156,"column":8},"end":{"line":156,"column":67}},"75":{"start":{"line":158,"column":8},"end":{"line":162,"column":9}},"76":{"start":{"line":159,"column":12},"end":{"line":159,"column":117}},"77":{"start":{"line":161,"column":12},"end":{"line":161,"column":62}},"78":{"start":{"line":166,"column":28},"end":{"line":166,"column":70}},"79":{"start":{"line":167,"column":26},"end":{"line":167,"column":66}},"80":{"start":{"line":169,"column":4},"end":{"line":181,"column":5}},"81":{"start":{"line":170,"column":34},"end":{"line":170,"column":88}},"82":{"start":{"line":172,"column":8},"end":{"line":180,"column":9}},"83":{"start":{"line":173,"column":12},"end":{"line":173,"column":75}},"84":{"start":{"line":175,"column":12},"end":{"line":179,"column":13}},"85":{"start":{"line":176,"column":16},"end":{"line":176,"column":128}},"86":{"start":{"line":178,"column":16},"end":{"line":178,"column":70}},"87":{"start":{"line":184,"column":18},"end":{"line":184,"column":45}},"88":{"start":{"line":185,"column":20},"end":{"line":185,"column":46}},"89":{"start":{"line":187,"column":4},"end":{"line":196,"column":7}},"90":{"start":{"line":188,"column":23},"end":{"line":188,"column":47}},"91":{"start":{"line":189,"column":21},"end":{"line":189,"column":49}},"92":{"start":{"line":190,"column":8},"end":{"line":195,"column":9}},"93":{"start":{"line":191,"column":12},"end":{"line":191,"column":42}},"94":{"start":{"line":192,"column":12},"end":{"line":192,"column":60}},"95":{"start":{"line":193,"column":15},"end":{"line":195,"column":9}},"96":{"start":{"line":194,"column":12},"end":{"line":194,"column":80}},"97":{"start":{"line":200,"column":28},"end":{"line":200,"column":74}},"98":{"start":{"line":201,"column":26},"end":{"line":201,"column":68}},"99":{"start":{"line":202,"column":19},"end":{"line":202,"column":46}},"100":{"start":{"line":205,"column":4},"end":{"line":209,"column":5}},"101":{"start":{"line":206,"column":8},"end":{"line":206,"column":102}},"102":{"start":{"line":207,"column":8},"end":{"line":207,"column":80}},"103":{"start":{"line":208,"column":8},"end":{"line":208,"column":15}},"104":{"start":{"line":211,"column":27},"end":{"line":211,"column":61}},"105":{"start":{"line":213,"column":4},"end":{"line":221,"column":5}},"106":{"start":{"line":214,"column":26},"end":{"line":214,"column":59}},"107":{"start":{"line":215,"column":8},"end":{"line":220,"column":9}},"108":{"start":{"line":216,"column":29},"end":{"line":216,"column":60}},"109":{"start":{"line":217,"column":12},"end":{"line":217,"column":59}},"110":{"start":{"line":225,"column":31},"end":{"line":225,"column":80}},"111":{"start":{"line":226,"column":29},"end":{"line":226,"column":74}},"112":{"start":{"line":228,"column":4},"end":{"line":234,"column":5}},"113":{"start":{"line":229,"column":29},"end":{"line":229,"column":45}},"114":{"start":{"line":230,"column":23},"end":{"line":230,"column":66}},"115":{"start":{"line":231,"column":8},"end":{"line":233,"column":9}},"116":{"start":{"line":232,"column":12},"end":{"line":232,"column":77}},"117":{"start":{"line":241,"column":28},"end":{"line":241,"column":66}},"118":{"start":{"line":243,"column":4},"end":{"line":265,"column":5}},"119":{"start":{"line":244,"column":28},"end":{"line":256,"column":9}},"120":{"start":{"line":258,"column":8},"end":{"line":261,"column":10}},"121":{"start":{"line":262,"column":8},"end":{"line":262,"column":61}},"122":{"start":{"line":264,"column":8},"end":{"line":264,"column":81}},"123":{"start":{"line":268,"column":29},"end":{"line":268,"column":68}},"124":{"start":{"line":269,"column":4},"end":{"line":285,"column":5}},"125":{"start":{"line":270,"column":29},"end":{"line":282,"column":1}},"126":{"start":{"line":283,"column":8},"end":{"line":283,"column":57}},"127":{"start":{"line":284,"column":8},"end":{"line":284,"column":62}},"128":{"start":{"line":288,"column":30},"end":{"line":288,"column":70}},"129":{"start":{"line":289,"column":4},"end":{"line":297,"column":5}},"130":{"start":{"line":290,"column":30},"end":{"line":294,"column":1}},"131":{"start":{"line":295,"column":8},"end":{"line":295,"column":59}},"132":{"start":{"line":296,"column":8},"end":{"line":296,"column":63}},"133":{"start":{"line":302,"column":23},"end":{"line":315,"column":5}},"134":{"start":{"line":317,"column":19},"end":{"line":317,"column":59}},"135":{"start":{"line":318,"column":17},"end":{"line":318,"column":34}},"136":{"start":{"line":321,"column":24},"end":{"line":329,"column":5}},"137":{"start":{"line":331,"column":26},"end":{"line":331,"column":68}},"138":{"start":{"line":333,"column":22},"end":{"line":391,"column":1}},"139":{"start":{"line":393,"column":22},"end":{"line":455,"column":1}},"140":{"start":{"line":457,"column":4},"end":{"line":457,"column":40}},"141":{"start":{"line":461,"column":4},"end":{"line":461,"column":22}},"142":{"start":{"line":462,"column":4},"end":{"line":462,"column":50}},"143":{"start":{"line":463,"column":4},"end":{"line":463,"column":74}},"144":{"start":{"line":464,"column":4},"end":{"line":464,"column":50}},"145":{"start":{"line":467,"column":4},"end":{"line":467,"column":20}},"146":{"start":{"line":468,"column":4},"end":{"line":468,"column":41}},"147":{"start":{"line":469,"column":4},"end":{"line":469,"column":77}},"148":{"start":{"line":470,"column":4},"end":{"line":470,"column":75}},"149":{"start":{"line":471,"column":4},"end":{"line":471,"column":104}},"150":{"start":{"line":474,"column":4},"end":{"line":474,"column":20}},"151":{"start":{"line":475,"column":4},"end":{"line":475,"column":49}},"152":{"start":{"line":476,"column":4},"end":{"line":476,"column":112}},"153":{"start":{"line":477,"column":4},"end":{"line":477,"column":20}},"154":{"start":{"line":479,"column":4},"end":{"line":487,"column":5}},"155":{"start":{"line":480,"column":8},"end":{"line":480,"column":91}},"156":{"start":{"line":481,"column":8},"end":{"line":481,"column":98}},"157":{"start":{"line":482,"column":8},"end":{"line":482,"column":103}},"158":{"start":{"line":484,"column":8},"end":{"line":484,"column":91}},"159":{"start":{"line":485,"column":8},"end":{"line":485,"column":96}},"160":{"start":{"line":486,"column":8},"end":{"line":486,"column":99}},"161":{"start":{"line":490,"column":4},"end":{"line":490,"column":20}},"162":{"start":{"line":491,"column":4},"end":{"line":491,"column":190}},"163":{"start":{"line":493,"column":4},"end":{"line":493,"column":20}},"164":{"start":{"line":494,"column":4},"end":{"line":494,"column":166}},"165":{"start":{"line":495,"column":4},"end":{"line":495,"column":49}},"166":{"start":{"line":496,"column":4},"end":{"line":496,"column":20}},"167":{"start":{"line":497,"column":4},"end":{"line":497,"column":68}},"168":{"start":{"line":498,"column":4},"end":{"line":498,"column":20}},"169":{"start":{"line":501,"column":0},"end":{"line":504,"column":2}}},"fnMap":{"0":{"name":"createProject","decl":{"start":{"line":13,"column":15},"end":{"line":13,"column":28}},"loc":{"start":{"line":13,"column":51},"end":{"line":84,"column":1}},"line":13},"1":{"name":"handleCoreFileConflict","decl":{"start":{"line":87,"column":9},"end":{"line":87,"column":31}},"loc":{"start":{"line":87,"column":52},"end":{"line":98,"column":1}},"line":87},"2":{"name":"getEngineFilter","decl":{"start":{"line":101,"column":9},"end":{"line":101,"column":24}},"loc":{"start":{"line":101,"column":37},"end":{"line":121,"column":1}},"line":101},"3":{"name":"(anonymous_3)","decl":{"start":{"line":102,"column":11},"end":{"line":102,"column":12}},"loc":{"start":{"line":102,"column":26},"end":{"line":120,"column":5}},"line":102},"4":{"name":"copyBaseStructure","decl":{"start":{"line":123,"column":15},"end":{"line":123,"column":32}},"loc":{"start":{"line":123,"column":54},"end":{"line":197,"column":1}},"line":123},"5":{"name":"(anonymous_5)","decl":{"start":{"line":187,"column":18},"end":{"line":187,"column":19}},"loc":{"start":{"line":187,"column":26},"end":{"line":196,"column":5}},"line":187},"6":{"name":"copySkills","decl":{"start":{"line":199,"column":15},"end":{"line":199,"column":25}},"loc":{"start":{"line":199,"column":63},"end":{"line":222,"column":1}},"line":199},"7":{"name":"copyWorkflows","decl":{"start":{"line":224,"column":15},"end":{"line":224,"column":28}},"loc":{"start":{"line":224,"column":53},"end":{"line":235,"column":1}},"line":224},"8":{"name":"generateConfigs","decl":{"start":{"line":239,"column":15},"end":{"line":239,"column":30}},"loc":{"start":{"line":239,"column":52},"end":{"line":298,"column":1}},"line":239},"9":{"name":"generateGeminiMd","decl":{"start":{"line":301,"column":9},"end":{"line":301,"column":25}},"loc":{"start":{"line":301,"column":97},"end":{"line":458,"column":1}},"line":301},"10":{"name":"printSuccessMessage","decl":{"start":{"line":460,"column":9},"end":{"line":460,"column":28}},"loc":{"start":{"line":460,"column":50},"end":{"line":499,"column":1}},"line":460}},"branchMap":{"0":{"loc":{"start":{"line":16,"column":29},"end":{"line":16,"column":64}},"type":"binary-expr","locations":[{"start":{"line":16,"column":29},"end":{"line":16,"column":41}},{"start":{"line":16,"column":45},"end":{"line":16,"column":64}}],"line":16},"1":{"loc":{"start":{"line":17,"column":27},"end":{"line":17,"column":84}},"type":"cond-expr","locations":[{"start":{"line":17,"column":42},"end":{"line":17,"column":70}},{"start":{"line":17,"column":73},"end":{"line":17,"column":84}}],"line":17},"2":{"loc":{"start":{"line":21,"column":67},"end":{"line":21,"column":106}},"type":"cond-expr","locations":[{"start":{"line":21,"column":82},"end":{"line":21,"column":92}},{"start":{"line":21,"column":95},"end":{"line":21,"column":106}}],"line":21},"3":{"loc":{"start":{"line":24,"column":28},"end":{"line":24,"column":106}},"type":"cond-expr","locations":[{"start":{"line":24,"column":43},"end":{"line":24,"column":56}},{"start":{"line":24,"column":59},"end":{"line":24,"column":106}}],"line":24},"4":{"loc":{"start":{"line":28,"column":8},"end":{"line":31,"column":9}},"type":"if","locations":[{"start":{"line":28,"column":8},"end":{"line":31,"column":9}},{"start":{},"end":{}}],"line":28},"5":{"loc":{"start":{"line":28,"column":12},"end":{"line":28,"column":55}},"type":"binary-expr","locations":[{"start":{"line":28,"column":12},"end":{"line":28,"column":25}},{"start":{"line":28,"column":29},"end":{"line":28,"column":55}}],"line":28},"6":{"loc":{"start":{"line":48,"column":8},"end":{"line":52,"column":9}},"type":"if","locations":[{"start":{"line":48,"column":8},"end":{"line":52,"column":9}},{"start":{},"end":{}}],"line":48},"7":{"loc":{"start":{"line":48,"column":12},"end":{"line":48,"column":79}},"type":"binary-expr","locations":[{"start":{"line":48,"column":12},"end":{"line":48,"column":41}},{"start":{"line":48,"column":45},"end":{"line":48,"column":79}}],"line":48},"8":{"loc":{"start":{"line":55,"column":8},"end":{"line":59,"column":9}},"type":"if","locations":[{"start":{"line":55,"column":8},"end":{"line":59,"column":9}},{"start":{},"end":{}}],"line":55},"9":{"loc":{"start":{"line":88,"column":4},"end":{"line":90,"column":5}},"type":"if","locations":[{"start":{"line":88,"column":4},"end":{"line":90,"column":5}},{"start":{},"end":{}}],"line":88},"10":{"loc":{"start":{"line":104,"column":8},"end":{"line":117,"column":9}},"type":"if","locations":[{"start":{"line":104,"column":8},"end":{"line":117,"column":9}},{"start":{},"end":{}}],"line":104},"11":{"loc":{"start":{"line":107,"column":12},"end":{"line":116,"column":13}},"type":"if","locations":[{"start":{"line":107,"column":12},"end":{"line":116,"column":13}},{"start":{},"end":{}}],"line":107},"12":{"loc":{"start":{"line":107,"column":16},"end":{"line":114,"column":43}},"type":"binary-expr","locations":[{"start":{"line":107,"column":16},"end":{"line":107,"column":40}},{"start":{"line":108,"column":16},"end":{"line":108,"column":41}},{"start":{"line":109,"column":16},"end":{"line":109,"column":53}},{"start":{"line":110,"column":16},"end":{"line":110,"column":44}},{"start":{"line":111,"column":16},"end":{"line":111,"column":51}},{"start":{"line":112,"column":16},"end":{"line":112,"column":48}},{"start":{"line":113,"column":16},"end":{"line":113,"column":42}},{"start":{"line":114,"column":16},"end":{"line":114,"column":43}}],"line":107},"13":{"loc":{"start":{"line":132,"column":4},"end":{"line":145,"column":5}},"type":"if","locations":[{"start":{"line":132,"column":4},"end":{"line":145,"column":5}},{"start":{},"end":{}}],"line":132},"14":{"loc":{"start":{"line":136,"column":12},"end":{"line":138,"column":13}},"type":"if","locations":[{"start":{"line":136,"column":12},"end":{"line":138,"column":13}},{"start":{},"end":{}}],"line":136},"15":{"loc":{"start":{"line":136,"column":16},"end":{"line":136,"column":103}},"type":"binary-expr","locations":[{"start":{"line":136,"column":16},"end":{"line":136,"column":39}},{"start":{"line":136,"column":43},"end":{"line":136,"column":69}},{"start":{"line":136,"column":73},"end":{"line":136,"column":103}}],"line":136},"16":{"loc":{"start":{"line":154,"column":4},"end":{"line":163,"column":5}},"type":"if","locations":[{"start":{"line":154,"column":4},"end":{"line":163,"column":5}},{"start":{},"end":{}}],"line":154},"17":{"loc":{"start":{"line":158,"column":8},"end":{"line":162,"column":9}},"type":"if","locations":[{"start":{"line":158,"column":8},"end":{"line":162,"column":9}},{"start":{"line":160,"column":15},"end":{"line":162,"column":9}}],"line":158},"18":{"loc":{"start":{"line":169,"column":4},"end":{"line":181,"column":5}},"type":"if","locations":[{"start":{"line":169,"column":4},"end":{"line":181,"column":5}},{"start":{},"end":{}}],"line":169},"19":{"loc":{"start":{"line":172,"column":8},"end":{"line":180,"column":9}},"type":"if","locations":[{"start":{"line":172,"column":8},"end":{"line":180,"column":9}},{"start":{},"end":{}}],"line":172},"20":{"loc":{"start":{"line":175,"column":12},"end":{"line":179,"column":13}},"type":"if","locations":[{"start":{"line":175,"column":12},"end":{"line":179,"column":13}},{"start":{"line":177,"column":19},"end":{"line":179,"column":13}}],"line":175},"21":{"loc":{"start":{"line":190,"column":8},"end":{"line":195,"column":9}},"type":"if","locations":[{"start":{"line":190,"column":8},"end":{"line":195,"column":9}},{"start":{"line":193,"column":15},"end":{"line":195,"column":9}}],"line":190},"22":{"loc":{"start":{"line":190,"column":12},"end":{"line":190,"column":57}},"type":"binary-expr","locations":[{"start":{"line":190,"column":12},"end":{"line":190,"column":33}},{"start":{"line":190,"column":37},"end":{"line":190,"column":57}}],"line":190},"23":{"loc":{"start":{"line":193,"column":15},"end":{"line":195,"column":9}},"type":"if","locations":[{"start":{"line":193,"column":15},"end":{"line":195,"column":9}},{"start":{},"end":{}}],"line":193},"24":{"loc":{"start":{"line":205,"column":4},"end":{"line":209,"column":5}},"type":"if","locations":[{"start":{"line":205,"column":4},"end":{"line":209,"column":5}},{"start":{},"end":{}}],"line":205},"25":{"loc":{"start":{"line":215,"column":8},"end":{"line":220,"column":9}},"type":"if","locations":[{"start":{"line":215,"column":8},"end":{"line":220,"column":9}},{"start":{"line":218,"column":15},"end":{"line":220,"column":9}}],"line":215},"26":{"loc":{"start":{"line":231,"column":8},"end":{"line":233,"column":9}},"type":"if","locations":[{"start":{"line":231,"column":8},"end":{"line":233,"column":9}},{"start":{},"end":{}}],"line":231},"27":{"loc":{"start":{"line":243,"column":4},"end":{"line":265,"column":5}},"type":"if","locations":[{"start":{"line":243,"column":4},"end":{"line":265,"column":5}},{"start":{"line":263,"column":11},"end":{"line":265,"column":5}}],"line":243},"28":{"loc":{"start":{"line":269,"column":4},"end":{"line":285,"column":5}},"type":"if","locations":[{"start":{"line":269,"column":4},"end":{"line":285,"column":5}},{"start":{},"end":{}}],"line":269},"29":{"loc":{"start":{"line":289,"column":4},"end":{"line":297,"column":5}},"type":"if","locations":[{"start":{"line":289,"column":4},"end":{"line":297,"column":5}},{"start":{},"end":{}}],"line":289},"30":{"loc":{"start":{"line":301,"column":33},"end":{"line":301,"column":48}},"type":"default-arg","locations":[{"start":{"line":301,"column":44},"end":{"line":301,"column":48}}],"line":301},"31":{"loc":{"start":{"line":301,"column":50},"end":{"line":301,"column":68}},"type":"default-arg","locations":[{"start":{"line":301,"column":61},"end":{"line":301,"column":68}}],"line":301},"32":{"loc":{"start":{"line":301,"column":70},"end":{"line":301,"column":95}},"type":"default-arg","locations":[{"start":{"line":301,"column":82},"end":{"line":301,"column":95}}],"line":301},"33":{"loc":{"start":{"line":317,"column":19},"end":{"line":317,"column":59}},"type":"binary-expr","locations":[{"start":{"line":317,"column":19},"end":{"line":317,"column":36}},{"start":{"line":317,"column":40},"end":{"line":317,"column":59}}],"line":317},"34":{"loc":{"start":{"line":322,"column":17},"end":{"line":322,"column":110}},"type":"cond-expr","locations":[{"start":{"line":322,"column":24},"end":{"line":322,"column":66}},{"start":{"line":322,"column":69},"end":{"line":322,"column":110}}],"line":322},"35":{"loc":{"start":{"line":323,"column":19},"end":{"line":323,"column":117}},"type":"cond-expr","locations":[{"start":{"line":323,"column":26},"end":{"line":323,"column":69}},{"start":{"line":323,"column":72},"end":{"line":323,"column":117}}],"line":323},"36":{"loc":{"start":{"line":324,"column":13},"end":{"line":324,"column":97}},"type":"cond-expr","locations":[{"start":{"line":324,"column":20},"end":{"line":324,"column":55}},{"start":{"line":324,"column":58},"end":{"line":324,"column":97}}],"line":324},"37":{"loc":{"start":{"line":325,"column":18},"end":{"line":325,"column":120}},"type":"cond-expr","locations":[{"start":{"line":325,"column":25},"end":{"line":325,"column":70}},{"start":{"line":325,"column":73},"end":{"line":325,"column":120}}],"line":325},"38":{"loc":{"start":{"line":326,"column":20},"end":{"line":326,"column":114}},"type":"cond-expr","locations":[{"start":{"line":326,"column":27},"end":{"line":326,"column":63}},{"start":{"line":326,"column":66},"end":{"line":326,"column":114}}],"line":326},"39":{"loc":{"start":{"line":327,"column":19},"end":{"line":327,"column":122}},"type":"cond-expr","locations":[{"start":{"line":327,"column":26},"end":{"line":327,"column":69}},{"start":{"line":327,"column":72},"end":{"line":327,"column":122}}],"line":327},"40":{"loc":{"start":{"line":328,"column":15},"end":{"line":328,"column":64}},"type":"cond-expr","locations":[{"start":{"line":328,"column":22},"end":{"line":328,"column":40}},{"start":{"line":328,"column":43},"end":{"line":328,"column":64}}],"line":328},"41":{"loc":{"start":{"line":331,"column":26},"end":{"line":331,"column":68}},"type":"binary-expr","locations":[{"start":{"line":331,"column":26},"end":{"line":331,"column":47}},{"start":{"line":331,"column":51},"end":{"line":331,"column":68}}],"line":331},"42":{"loc":{"start":{"line":412,"column":23},"end":{"line":412,"column":146}},"type":"cond-expr","locations":[{"start":{"line":412,"column":87},"end":{"line":412,"column":110}},{"start":{"line":412,"column":113},"end":{"line":412,"column":146}}],"line":412},"43":{"loc":{"start":{"line":457,"column":11},"end":{"line":457,"column":39}},"type":"cond-expr","locations":[{"start":{"line":457,"column":18},"end":{"line":457,"column":27}},{"start":{"line":457,"column":30},"end":{"line":457,"column":39}}],"line":457},"44":{"loc":{"start":{"line":471,"column":57},"end":{"line":471,"column":101}},"type":"binary-expr","locations":[{"start":{"line":471,"column":57},"end":{"line":471,"column":91}},{"start":{"line":471,"column":95},"end":{"line":471,"column":101}}],"line":471},"45":{"loc":{"start":{"line":476,"column":32},"end":{"line":476,"column":109}},"type":"cond-expr","locations":[{"start":{"line":476,"column":59},"end":{"line":476,"column":82}},{"start":{"line":476,"column":85},"end":{"line":476,"column":109}}],"line":476},"46":{"loc":{"start":{"line":479,"column":4},"end":{"line":487,"column":5}},"type":"if","locations":[{"start":{"line":479,"column":4},"end":{"line":487,"column":5}},{"start":{"line":483,"column":11},"end":{"line":487,"column":5}}],"line":479},"47":{"loc":{"start":{"line":494,"column":26},"end":{"line":494,"column":163}},"type":"cond-expr","locations":[{"start":{"line":494,"column":53},"end":{"line":494,"column":101}},{"start":{"line":494,"column":104},"end":{"line":494,"column":163}}],"line":494}},"s":{"0":1,"1":1,"2":1,"3":1,"4":1,"5":1,"6":1,"7":10,"8":10,"9":10,"10":10,"11":10,"12":10,"13":10,"14":0,"15":0,"16":10,"17":10,"18":10,"19":10,"20":10,"21":10,"22":10,"23":10,"24":10,"25":10,"26":10,"27":10,"28":10,"29":10,"30":10,"31":10,"32":10,"33":10,"34":10,"35":10,"36":10,"37":10,"38":10,"39":10,"40":0,"41":10,"42":0,"43":0,"44":20,"45":20,"46":0,"47":0,"48":0,"49":0,"50":0,"51":20,"52":3320,"53":3320,"54":3320,"55":260,"56":3060,"57":10,"58":10,"59":10,"60":10,"61":10,"62":10,"63":10,"64":120,"65":20,"66":100,"67":100,"68":100,"69":10,"70":10,"71":10,"72":10,"73":10,"74":10,"75":10,"76":0,"77":10,"78":10,"79":10,"80":10,"81":10,"82":10,"83":10,"84":10,"85":0,"86":10,"87":10,"88":10,"89":10,"90":20,"91":20,"92":20,"93":20,"94":20,"95":0,"96":0,"97":10,"98":10,"99":10,"100":10,"101":0,"102":0,"103":0,"104":10,"105":10,"106":220,"107":220,"108":200,"109":200,"110":10,"111":10,"112":10,"113":72,"114":72,"115":72,"116":72,"117":10,"118":10,"119":10,"120":10,"121":10,"122":0,"123":10,"124":10,"125":10,"126":10,"127":10,"128":10,"129":10,"130":10,"131":10,"132":10,"133":10,"134":10,"135":10,"136":10,"137":10,"138":10,"139":10,"140":10,"141":10,"142":10,"143":10,"144":10,"145":10,"146":10,"147":10,"148":10,"149":10,"150":10,"151":10,"152":10,"153":10,"154":10,"155":5,"156":5,"157":5,"158":5,"159":5,"160":5,"161":10,"162":10,"163":10,"164":10,"165":10,"166":10,"167":10,"168":10,"169":1},"f":{"0":10,"1":20,"2":20,"3":3320,"4":10,"5":20,"6":10,"7":10,"8":10,"9":10,"10":10},"b":{"0":[10,10],"1":[0,10],"2":[0,10],"3":[0,10],"4":[0,10],"5":[10,10],"6":[10,0],"7":[10,10],"8":[10,0],"9":[20,0],"10":[3320,0],"11":[260,3060],"12":[3320,3070,3070,3070,3070,3070,3060,3060],"13":[10,0],"14":[20,100],"15":[120,110,110],"16":[10,0],"17":[0,10],"18":[10,0],"19":[10,0],"20":[0,10],"21":[20,0],"22":[20,20],"23":[0,0],"24":[0,10],"25":[200,20],"26":[72,0],"27":[10,0],"28":[10,0],"29":[10,0],"30":[0],"31":[0],"32":[0],"33":[10,0],"34":[5,5],"35":[5,5],"36":[5,5],"37":[5,5],"38":[5,5],"39":[5,5],"40":[5,5],"41":[10,0],"42":[0,10],"43":[5,5],"44":[10,0],"45":[5,5],"46":[5,5],"47":[5,5]},"_coverageSchema":"1a1c01bbd47fc00a2c39e90264f33305004495a9","hash":"63cc8a872da589ae07394f3434bfbe5642311e0d"}
,"D:\\Github\\google-antigravity\\cli\\prompts.js": {"path":"D:\\Github\\google-antigravity\\cli\\prompts.js","statementMap":{"0":{"start":{"line":5,"column":16},"end":{"line":5,"column":34}},"1":{"start":{"line":6,"column":14},"end":{"line":6,"column":30}},"2":{"start":{"line":7,"column":17},"end":{"line":7,"column":43}},"3":{"start":{"line":8,"column":20},"end":{"line":8,"column":46}},"4":{"start":{"line":12,"column":2},"end":{"line":12,"column":18}},"5":{"start":{"line":13,"column":2},"end":{"line":13,"column":18}},"6":{"start":{"line":14,"column":2},"end":{"line":14,"column":48}},"7":{"start":{"line":15,"column":2},"end":{"line":15,"column":102}},"8":{"start":{"line":16,"column":2},"end":{"line":16,"column":102}},"9":{"start":{"line":17,"column":2},"end":{"line":17,"column":103}},"10":{"start":{"line":18,"column":2},"end":{"line":18,"column":102}},"11":{"start":{"line":19,"column":2},"end":{"line":19,"column":107}},"12":{"start":{"line":20,"column":2},"end":{"line":20,"column":103}},"13":{"start":{"line":21,"column":2},"end":{"line":21,"column":76}},"14":{"start":{"line":22,"column":2},"end":{"line":22,"column":66}},"15":{"start":{"line":23,"column":2},"end":{"line":23,"column":48}},"16":{"start":{"line":24,"column":2},"end":{"line":24,"column":18}},"17":{"start":{"line":27,"column":24},"end":{"line":80,"column":1}},"18":{"start":{"line":83,"column":2},"end":{"line":95,"column":3}},"19":{"start":{"line":84,"column":4},"end":{"line":94,"column":6}},"20":{"start":{"line":98,"column":2},"end":{"line":98,"column":18}},"21":{"start":{"line":100,"column":2},"end":{"line":100,"column":60}},"22":{"start":{"line":101,"column":2},"end":{"line":101,"column":92}},"23":{"start":{"line":106,"column":17},"end":{"line":176,"column":4}},"24":{"start":{"line":113,"column":8},"end":{"line":115,"column":9}},"25":{"start":{"line":114,"column":10},"end":{"line":114,"column":102}},"26":{"start":{"line":116,"column":8},"end":{"line":116,"column":20}},"27":{"start":{"line":132,"column":33},"end":{"line":132,"column":120}},"28":{"start":{"line":133,"column":33},"end":{"line":139,"column":7}},"29":{"start":{"line":145,"column":33},"end":{"line":145,"column":195}},"30":{"start":{"line":146,"column":27},"end":{"line":146,"column":169}},"31":{"start":{"line":151,"column":33},"end":{"line":151,"column":121}},"32":{"start":{"line":152,"column":33},"end":{"line":168,"column":7}},"33":{"start":{"line":173,"column":6},"end":{"line":173,"column":56}},"34":{"start":{"line":174,"column":6},"end":{"line":174,"column":22}},"35":{"start":{"line":179,"column":2},"end":{"line":181,"column":3}},"36":{"start":{"line":180,"column":4},"end":{"line":180,"column":40}},"37":{"start":{"line":187,"column":24},"end":{"line":187,"column":49}},"38":{"start":{"line":189,"column":28},"end":{"line":197,"column":3}},"39":{"start":{"line":202,"column":28},"end":{"line":202,"column":102}},"40":{"start":{"line":206,"column":29},"end":{"line":210,"column":3}},"41":{"start":{"line":219,"column":25},"end":{"line":219,"column":86}},"42":{"start":{"line":222,"column":2},"end":{"line":229,"column":3}},"43":{"start":{"line":223,"column":4},"end":{"line":228,"column":7}},"44":{"start":{"line":225,"column":6},"end":{"line":227,"column":7}},"45":{"start":{"line":226,"column":8},"end":{"line":226,"column":30}},"46":{"start":{"line":234,"column":2},"end":{"line":236,"column":3}},"47":{"start":{"line":235,"column":4},"end":{"line":235,"column":40}},"48":{"start":{"line":238,"column":2},"end":{"line":240,"column":3}},"49":{"start":{"line":239,"column":4},"end":{"line":239,"column":38}},"50":{"start":{"line":242,"column":2},"end":{"line":244,"column":3}},"51":{"start":{"line":243,"column":4},"end":{"line":243,"column":33}},"52":{"start":{"line":246,"column":19},"end":{"line":251,"column":3}},"53":{"start":{"line":254,"column":2},"end":{"line":254,"column":83}},"54":{"start":{"line":262,"column":17},"end":{"line":262,"column":19}},"55":{"start":{"line":263,"column":2},"end":{"line":267,"column":5}},"56":{"start":{"line":264,"column":4},"end":{"line":266,"column":5}},"57":{"start":{"line":265,"column":6},"end":{"line":265,"column":55}},"58":{"start":{"line":268,"column":2},"end":{"line":268,"column":16}},"59":{"start":{"line":271,"column":0},"end":{"line":275,"column":2}}},"fnMap":{"0":{"name":"displayBanner","decl":{"start":{"line":11,"column":9},"end":{"line":11,"column":22}},"loc":{"start":{"line":11,"column":25},"end":{"line":25,"column":1}},"line":11},"1":{"name":"getProjectConfig","decl":{"start":{"line":82,"column":15},"end":{"line":82,"column":31}},"loc":{"start":{"line":82,"column":76},"end":{"line":259,"column":1}},"line":82},"2":{"name":"(anonymous_2)","decl":{"start":{"line":112,"column":16},"end":{"line":112,"column":17}},"loc":{"start":{"line":112,"column":27},"end":{"line":117,"column":7}},"line":112},"3":{"name":"(anonymous_3)","decl":{"start":{"line":132,"column":15},"end":{"line":132,"column":16}},"loc":{"start":{"line":132,"column":33},"end":{"line":132,"column":120}},"line":132},"4":{"name":"(anonymous_4)","decl":{"start":{"line":133,"column":15},"end":{"line":133,"column":16}},"loc":{"start":{"line":133,"column":33},"end":{"line":139,"column":7}},"line":133},"5":{"name":"(anonymous_5)","decl":{"start":{"line":145,"column":15},"end":{"line":145,"column":16}},"loc":{"start":{"line":145,"column":33},"end":{"line":145,"column":195}},"line":145},"6":{"name":"(anonymous_6)","decl":{"start":{"line":146,"column":16},"end":{"line":146,"column":17}},"loc":{"start":{"line":146,"column":27},"end":{"line":146,"column":169}},"line":146},"7":{"name":"(anonymous_7)","decl":{"start":{"line":151,"column":15},"end":{"line":151,"column":16}},"loc":{"start":{"line":151,"column":33},"end":{"line":151,"column":121}},"line":151},"8":{"name":"(anonymous_8)","decl":{"start":{"line":152,"column":15},"end":{"line":152,"column":16}},"loc":{"start":{"line":152,"column":33},"end":{"line":168,"column":7}},"line":152},"9":{"name":"(anonymous_9)","decl":{"start":{"line":172,"column":14},"end":{"line":172,"column":15}},"loc":{"start":{"line":172,"column":20},"end":{"line":175,"column":5}},"line":172},"10":{"name":"(anonymous_10)","decl":{"start":{"line":223,"column":30},"end":{"line":223,"column":31}},"loc":{"start":{"line":223,"column":35},"end":{"line":228,"column":5}},"line":223},"11":{"name":"getSkillsForCategories","decl":{"start":{"line":261,"column":9},"end":{"line":261,"column":31}},"loc":{"start":{"line":261,"column":44},"end":{"line":269,"column":1}},"line":261},"12":{"name":"(anonymous_12)","decl":{"start":{"line":263,"column":21},"end":{"line":263,"column":22}},"loc":{"start":{"line":263,"column":33},"end":{"line":267,"column":3}},"line":263}},"branchMap":{"0":{"loc":{"start":{"line":82,"column":32},"end":{"line":82,"column":51}},"type":"default-arg","locations":[{"start":{"line":82,"column":46},"end":{"line":82,"column":51}}],"line":82},"1":{"loc":{"start":{"line":82,"column":53},"end":{"line":82,"column":74}},"type":"default-arg","locations":[{"start":{"line":82,"column":70},"end":{"line":82,"column":74}}],"line":82},"2":{"loc":{"start":{"line":83,"column":2},"end":{"line":95,"column":3}},"type":"if","locations":[{"start":{"line":83,"column":2},"end":{"line":95,"column":3}},{"start":{},"end":{}}],"line":83},"3":{"loc":{"start":{"line":85,"column":19},"end":{"line":85,"column":55}},"type":"binary-expr","locations":[{"start":{"line":85,"column":19},"end":{"line":85,"column":33}},{"start":{"line":85,"column":37},"end":{"line":85,"column":55}}],"line":85},"4":{"loc":{"start":{"line":108,"column":12},"end":{"line":108,"column":42}},"type":"cond-expr","locations":[{"start":{"line":108,"column":29},"end":{"line":108,"column":33}},{"start":{"line":108,"column":36},"end":{"line":108,"column":42}}],"line":108},"5":{"loc":{"start":{"line":113,"column":8},"end":{"line":115,"column":9}},"type":"if","locations":[{"start":{"line":113,"column":8},"end":{"line":115,"column":9}},{"start":{},"end":{}}],"line":113},"6":{"loc":{"start":{"line":132,"column":33},"end":{"line":132,"column":120}},"type":"cond-expr","locations":[{"start":{"line":132,"column":60},"end":{"line":132,"column":95}},{"start":{"line":132,"column":98},"end":{"line":132,"column":120}}],"line":132},"7":{"loc":{"start":{"line":133,"column":33},"end":{"line":139,"column":7}},"type":"cond-expr","locations":[{"start":{"line":133,"column":60},"end":{"line":136,"column":7}},{"start":{"line":136,"column":10},"end":{"line":139,"column":7}}],"line":133},"8":{"loc":{"start":{"line":145,"column":33},"end":{"line":145,"column":195}},"type":"cond-expr","locations":[{"start":{"line":145,"column":60},"end":{"line":145,"column":130}},{"start":{"line":145,"column":133},"end":{"line":145,"column":195}}],"line":145},"9":{"loc":{"start":{"line":146,"column":27},"end":{"line":146,"column":169}},"type":"cond-expr","locations":[{"start":{"line":146,"column":47},"end":{"line":146,"column":161}},{"start":{"line":146,"column":165},"end":{"line":146,"column":169}}],"line":146},"10":{"loc":{"start":{"line":146,"column":47},"end":{"line":146,"column":161}},"type":"cond-expr","locations":[{"start":{"line":146,"column":82},"end":{"line":146,"column":117}},{"start":{"line":146,"column":120},"end":{"line":146,"column":161}}],"line":146},"11":{"loc":{"start":{"line":151,"column":33},"end":{"line":151,"column":121}},"type":"cond-expr","locations":[{"start":{"line":151,"column":60},"end":{"line":151,"column":93}},{"start":{"line":151,"column":96},"end":{"line":151,"column":121}}],"line":151},"12":{"loc":{"start":{"line":152,"column":33},"end":{"line":168,"column":7}},"type":"cond-expr","locations":[{"start":{"line":152,"column":60},"end":{"line":160,"column":7}},{"start":{"line":160,"column":10},"end":{"line":168,"column":7}}],"line":152},"13":{"loc":{"start":{"line":179,"column":2},"end":{"line":181,"column":3}},"type":"if","locations":[{"start":{"line":179,"column":2},"end":{"line":181,"column":3}},{"start":{},"end":{}}],"line":179},"14":{"loc":{"start":{"line":202,"column":28},"end":{"line":202,"column":102}},"type":"binary-expr","locations":[{"start":{"line":202,"column":28},"end":{"line":202,"column":68}},{"start":{"line":202,"column":72},"end":{"line":202,"column":102}}],"line":202},"15":{"loc":{"start":{"line":222,"column":2},"end":{"line":229,"column":3}},"type":"if","locations":[{"start":{"line":222,"column":2},"end":{"line":229,"column":3}},{"start":{},"end":{}}],"line":222},"16":{"loc":{"start":{"line":222,"column":6},"end":{"line":222,"column":59}},"type":"binary-expr","locations":[{"start":{"line":222,"column":6},"end":{"line":222,"column":23}},{"start":{"line":222,"column":27},"end":{"line":222,"column":59}}],"line":222},"17":{"loc":{"start":{"line":225,"column":6},"end":{"line":227,"column":7}},"type":"if","locations":[{"start":{"line":225,"column":6},"end":{"line":227,"column":7}},{"start":{},"end":{}}],"line":225},"18":{"loc":{"start":{"line":234,"column":2},"end":{"line":236,"column":3}},"type":"if","locations":[{"start":{"line":234,"column":2},"end":{"line":236,"column":3}},{"start":{},"end":{}}],"line":234},"19":{"loc":{"start":{"line":234,"column":6},"end":{"line":234,"column":77}},"type":"binary-expr","locations":[{"start":{"line":234,"column":6},"end":{"line":234,"column":42}},{"start":{"line":234,"column":46},"end":{"line":234,"column":77}}],"line":234},"20":{"loc":{"start":{"line":238,"column":2},"end":{"line":240,"column":3}},"type":"if","locations":[{"start":{"line":238,"column":2},"end":{"line":240,"column":3}},{"start":{},"end":{}}],"line":238},"21":{"loc":{"start":{"line":238,"column":6},"end":{"line":238,"column":83}},"type":"binary-expr","locations":[{"start":{"line":238,"column":6},"end":{"line":238,"column":41}},{"start":{"line":238,"column":45},"end":{"line":238,"column":83}}],"line":238},"22":{"loc":{"start":{"line":242,"column":2},"end":{"line":244,"column":3}},"type":"if","locations":[{"start":{"line":242,"column":2},"end":{"line":244,"column":3}},{"start":{},"end":{}}],"line":242},"23":{"loc":{"start":{"line":242,"column":6},"end":{"line":242,"column":80}},"type":"binary-expr","locations":[{"start":{"line":242,"column":6},"end":{"line":242,"column":43}},{"start":{"line":242,"column":47},"end":{"line":242,"column":80}}],"line":242},"24":{"loc":{"start":{"line":264,"column":4},"end":{"line":266,"column":5}},"type":"if","locations":[{"start":{"line":264,"column":4},"end":{"line":266,"column":5}},{"start":{},"end":{}}],"line":264}},"s":{"0":1,"1":1,"2":1,"3":1,"4":10,"5":10,"6":10,"7":10,"8":10,"9":10,"10":10,"11":10,"12":10,"13":10,"14":10,"15":10,"16":10,"17":1,"18":10,"19":0,"20":10,"21":10,"22":10,"23":10,"24":0,"25":0,"26":0,"27":0,"28":0,"29":0,"30":0,"31":0,"32":0,"33":0,"34":0,"35":10,"36":10,"37":10,"38":10,"39":10,"40":10,"41":10,"42":10,"43":10,"44":30,"45":17,"46":10,"47":3,"48":10,"49":3,"50":10,"51":2,"52":10,"53":10,"54":10,"55":10,"56":60,"57":60,"58":10,"59":1},"f":{"0":10,"1":10,"2":0,"3":0,"4":0,"5":0,"6":0,"7":0,"8":0,"9":0,"10":30,"11":10,"12":60},"b":{"0":[0],"1":[0],"2":[0,10],"3":[0,0],"4":[10,0],"5":[0,0],"6":[0,0],"7":[0,0],"8":[0,0],"9":[0,0],"10":[0,0],"11":[0,0],"12":[0,0],"13":[10,0],"14":[10,0],"15":[10,0],"16":[10,10],"17":[17,13],"18":[3,7],"19":[10,9],"20":[3,7],"21":[10,8],"22":[2,8],"23":[10,9],"24":[60,0]},"_coverageSchema":"1a1c01bbd47fc00a2c39e90264f33305004495a9","hash":"6e3f8b74e8a8bf9c17145699d0dc650c0999a2e6"}
}
