TN:
SF:cli\prompts.js
FN:13,displayBanner
FN:29,getProjectConfig
FN:70,(anonymous_2)
FN:72,(anonymous_3)
FN:82,(anonymous_4)
FN:83,(anonymous_5)
FN:97,(anonymous_6)
FN:98,(anonymous_7)
FN:114,(anonymous_8)
FN:115,(anonymous_9)
FN:118,(anonymous_10)
FNF:11
FNH:2
FNDA:9,displayBanner
FNDA:10,getProjectConfig
FNDA:0,(anonymous_2)
FNDA:0,(anonymous_3)
FNDA:0,(anonymous_4)
FNDA:0,(anonymous_5)
FNDA:0,(anonymous_6)
FNDA:0,(anonymous_7)
FNDA:0,(anonymous_8)
FNDA:0,(anonymous_9)
FNDA:0,(anonymous_10)
DA:1,1
DA:2,1
DA:3,1
DA:4,1
DA:7,1
DA:8,1
DA:9,1
DA:10,1
DA:14,9
DA:15,9
DA:16,9
DA:17,9
DA:18,9
DA:19,9
DA:20,9
DA:21,9
DA:22,9
DA:23,9
DA:24,9
DA:25,9
DA:26,9
DA:30,10
DA:31,1
DA:47,9
DA:49,9
DA:50,9
DA:56,9
DA:70,0
DA:73,0
DA:74,0
DA:76,0
DA:82,0
DA:83,0
DA:97,0
DA:98,0
DA:114,0
DA:115,0
DA:119,0
DA:120,0
DA:125,9
DA:126,9
DA:127,1
DA:131,9
DA:136,9
DA:139,9
DA:142,9
DA:145,9
DA:151,9
DA:161,9
DA:164,1
LF:50
LH:38
BRDA:29,0,0,8
BRDA:29,1,0,9
BRDA:30,2,0,1
BRDA:30,2,1,9
BRDA:32,3,0,1
BRDA:32,3,1,1
BRDA:68,4,0,1
BRDA:68,4,1,8
BRDA:70,5,0,0
BRDA:70,5,1,0
BRDA:73,6,0,0
BRDA:73,6,1,0
BRDA:82,7,0,0
BRDA:82,7,1,0
BRDA:83,8,0,0
BRDA:83,8,1,0
BRDA:97,9,0,0
BRDA:97,9,1,0
BRDA:98,10,0,0
BRDA:98,10,1,0
BRDA:114,11,0,0
BRDA:114,11,1,0
BRDA:115,12,0,0
BRDA:115,12,1,0
BRDA:115,13,0,0
BRDA:115,13,1,0
BRDA:126,14,0,1
BRDA:126,14,1,8
BRF:28
BRH:10
end_of_record
TN:
SF:cli\logic\product-skills.js
FN:6,getProductSkills
FNF:1
FNH:1
FNDA:9,getProductSkills
DA:7,9
DA:10,9
DA:11,5
DA:12,5
DA:13,5
DA:17,9
DA:18,2
DA:19,2
DA:23,9
DA:24,0
DA:25,0
DA:29,9
DA:30,2
DA:31,2
DA:32,2
DA:35,9
DA:38,1
LF:17
LH:15
BRDA:10,0,0,5
BRDA:10,0,1,4
BRDA:17,1,0,2
BRDA:17,1,1,7
BRDA:23,2,0,0
BRDA:23,2,1,9
BRDA:29,3,0,2
BRDA:29,3,1,7
BRF:8
BRH:7
end_of_record
TN:
SF:cli\logic\scale-rules.js
FN:6,getScaleConfig
FNF:1
FNH:1
FNDA:9,getScaleConfig
DA:7,9
DA:8,9
DA:9,9
DA:10,9
DA:12,9
DA:14,3
DA:15,3
DA:16,3
DA:17,6
DA:19,4
DA:20,4
DA:21,4
DA:24,2
DA:25,2
DA:26,2
DA:29,9
DA:37,1
LF:17
LH:17
BRDA:12,0,0,3
BRDA:12,0,1,6
BRDA:17,1,0,4
BRDA:17,1,1,2
BRF:4
BRH:4
end_of_record
TN:
SF:cli\logic\skill-definitions.js
FN:88,getSkillsForCategories
FN:90,(anonymous_1)
FNF:2
FNH:0
FNDA:0,getSkillsForCategories
FNDA:0,(anonymous_1)
DA:5,1
DA:89,0
DA:90,0
DA:91,0
DA:92,0
DA:95,0
DA:98,1
LF:7
LH:2
BRDA:91,0,0,0
BRDA:91,0,1,0
BRF:2
BRH:0
end_of_record
TN:
SF:cli\logic\workflow-manager.js
FN:22,getWorkflows
FN:28,(anonymous_1)
FNF:2
FNH:2
FNDA:9,getWorkflows
FNDA:234,(anonymous_1)
DA:5,1
DA:12,1
DA:23,9
DA:24,9
DA:27,9
DA:28,9
DA:29,234
DA:30,234
DA:36,9
DA:37,5
DA:39,9
DA:40,0
DA:42,9
DA:43,9
DA:45,9
DA:46,2
DA:48,9
DA:49,7
DA:51,9
DA:52,2
DA:55,9
DA:58,1
LF:22
LH:21
BRDA:24,0,0,9
BRDA:24,0,1,0
BRDA:27,1,0,9
BRDA:27,1,1,0
BRDA:27,2,0,9
BRDA:27,2,1,9
BRDA:29,3,0,234
BRDA:29,3,1,0
BRDA:36,4,0,5
BRDA:36,4,1,4
BRDA:36,5,0,9
BRDA:36,5,1,9
BRDA:36,5,2,9
BRDA:39,6,0,0
BRDA:39,6,1,9
BRDA:39,7,0,9
BRDA:39,7,1,9
BRDA:39,7,2,9
BRDA:42,8,0,9
BRDA:42,8,1,0
BRDA:42,9,0,9
BRDA:42,9,1,0
BRDA:45,10,0,2
BRDA:45,10,1,7
BRDA:48,11,0,7
BRDA:48,11,1,2
BRDA:48,12,0,9
BRDA:48,12,1,4
BRDA:51,13,0,2
BRDA:51,13,1,7
BRF:30
BRH:24
end_of_record
