TN:
SF:cli\create.js
FN:13,createProject
FN:87,handleCoreFileConflict
FN:101,getEngineFilter
FN:102,(anonymous_3)
FN:123,copyBaseStructure
FN:187,(anonymous_5)
FN:199,copySkills
FN:224,copyWorkflows
FN:239,generateConfigs
FN:301,generateGeminiMd
FN:460,printSuccessMessage
FNF:11
FNH:1
FNDA:0,createProject
FNDA:0,handleCoreFileConflict
FNDA:0,getEngineFilter
FNDA:0,(anonymous_3)
FNDA:0,copyBaseStructure
FNDA:0,(anonymous_5)
FNDA:0,copySkills
FNDA:0,copyWorkflows
FNDA:0,generateConfigs
FNDA:46,generateGeminiMd
FNDA:0,printSuccessMessage
DA:5,2
DA:6,2
DA:7,2
DA:8,2
DA:9,2
DA:10,2
DA:11,2
DA:14,0
DA:16,0
DA:17,0
DA:21,0
DA:24,0
DA:25,0
DA:28,0
DA:29,0
DA:30,0
DA:33,0
DA:34,0
DA:35,0
DA:36,0
DA:37,0
DA:40,0
DA:41,0
DA:44,0
DA:45,0
DA:48,0
DA:49,0
DA:50,0
DA:51,0
DA:55,0
DA:56,0
DA:57,0
DA:58,0
DA:64,0
DA:65,0
DA:66,0
DA:69,0
DA:70,0
DA:71,0
DA:72,0
DA:74,0
DA:78,0
DA:81,0
DA:82,0
DA:88,0
DA:89,0
DA:93,0
DA:94,0
DA:95,0
DA:96,0
DA:97,0
DA:102,0
DA:104,0
DA:105,0
DA:107,0
DA:115,0
DA:119,0
DA:124,0
DA:125,0
DA:126,0
DA:129,0
DA:132,0
DA:133,0
DA:135,0
DA:136,0
DA:137,0
DA:140,0
DA:141,0
DA:143,0
DA:148,0
DA:151,0
DA:152,0
DA:154,0
DA:155,0
DA:156,0
DA:158,0
DA:159,0
DA:161,0
DA:166,0
DA:167,0
DA:169,0
DA:170,0
DA:172,0
DA:173,0
DA:175,0
DA:176,0
DA:178,0
DA:184,0
DA:185,0
DA:187,0
DA:188,0
DA:189,0
DA:190,0
DA:191,0
DA:192,0
DA:193,0
DA:194,0
DA:200,0
DA:201,0
DA:202,0
DA:205,0
DA:206,0
DA:207,0
DA:208,0
DA:211,0
DA:213,0
DA:214,0
DA:215,0
DA:216,0
DA:217,0
DA:225,0
DA:226,0
DA:228,0
DA:229,0
DA:230,0
DA:231,0
DA:232,0
DA:241,0
DA:243,0
DA:244,0
DA:258,0
DA:262,0
DA:264,0
DA:268,0
DA:269,0
DA:270,0
DA:283,0
DA:284,0
DA:288,0
DA:289,0
DA:290,0
DA:295,0
DA:296,0
DA:302,46
DA:317,46
DA:318,46
DA:321,46
DA:331,46
DA:333,46
DA:393,46
DA:457,46
DA:461,0
DA:462,0
DA:463,0
DA:464,0
DA:467,0
DA:468,0
DA:469,0
DA:470,0
DA:471,0
DA:474,0
DA:475,0
DA:476,0
DA:477,0
DA:479,0
DA:480,0
DA:481,0
DA:482,0
DA:484,0
DA:485,0
DA:486,0
DA:490,0
DA:491,0
DA:493,0
DA:494,0
DA:495,0
DA:496,0
DA:497,0
DA:498,0
DA:501,2
LF:170
LH:16
BRDA:16,0,0,0
BRDA:16,0,1,0
BRDA:17,1,0,0
BRDA:17,1,1,0
BRDA:21,2,0,0
BRDA:21,2,1,0
BRDA:24,3,0,0
BRDA:24,3,1,0
BRDA:28,4,0,0
BRDA:28,4,1,0
BRDA:28,5,0,0
BRDA:28,5,1,0
BRDA:48,6,0,0
BRDA:48,6,1,0
BRDA:48,7,0,0
BRDA:48,7,1,0
BRDA:55,8,0,0
BRDA:55,8,1,0
BRDA:88,9,0,0
BRDA:88,9,1,0
BRDA:104,10,0,0
BRDA:104,10,1,0
BRDA:107,11,0,0
BRDA:107,11,1,0
BRDA:107,12,0,0
BRDA:107,12,1,0
BRDA:107,12,2,0
BRDA:107,12,3,0
BRDA:107,12,4,0
BRDA:107,12,5,0
BRDA:107,12,6,0
BRDA:107,12,7,0
BRDA:132,13,0,0
BRDA:132,13,1,0
BRDA:136,14,0,0
BRDA:136,14,1,0
BRDA:136,15,0,0
BRDA:136,15,1,0
BRDA:136,15,2,0
BRDA:154,16,0,0
BRDA:154,16,1,0
BRDA:158,17,0,0
BRDA:158,17,1,0
BRDA:169,18,0,0
BRDA:169,18,1,0
BRDA:172,19,0,0
BRDA:172,19,1,0
BRDA:175,20,0,0
BRDA:175,20,1,0
BRDA:190,21,0,0
BRDA:190,21,1,0
BRDA:190,22,0,0
BRDA:190,22,1,0
BRDA:193,23,0,0
BRDA:193,23,1,0
BRDA:205,24,0,0
BRDA:205,24,1,0
BRDA:215,25,0,0
BRDA:215,25,1,0
BRDA:231,26,0,0
BRDA:231,26,1,0
BRDA:243,27,0,0
BRDA:243,27,1,0
BRDA:269,28,0,0
BRDA:269,28,1,0
BRDA:289,29,0,0
BRDA:289,29,1,0
BRDA:301,30,0,0
BRDA:301,31,0,2
BRDA:301,32,0,2
BRDA:317,33,0,46
BRDA:317,33,1,0
BRDA:322,34,0,22
BRDA:322,34,1,24
BRDA:323,35,0,22
BRDA:323,35,1,24
BRDA:324,36,0,22
BRDA:324,36,1,24
BRDA:325,37,0,22
BRDA:325,37,1,24
BRDA:326,38,0,22
BRDA:326,38,1,24
BRDA:327,39,0,22
BRDA:327,39,1,24
BRDA:328,40,0,22
BRDA:328,40,1,24
BRDA:331,41,0,46
BRDA:331,41,1,0
BRDA:412,42,0,15
BRDA:412,42,1,31
BRDA:457,43,0,22
BRDA:457,43,1,24
BRDA:471,44,0,0
BRDA:471,44,1,0
BRDA:476,45,0,0
BRDA:476,45,1,0
BRDA:479,46,0,0
BRDA:479,46,1,0
BRDA:494,47,0,0
BRDA:494,47,1,0
BRF:100
BRH:22
end_of_record
TN:
SF:cli\prompts.js
FN:11,displayBanner
FN:82,getProjectConfig
FN:112,(anonymous_2)
FN:132,(anonymous_3)
FN:133,(anonymous_4)
FN:145,(anonymous_5)
FN:146,(anonymous_6)
FN:151,(anonymous_7)
FN:152,(anonymous_8)
FN:172,(anonymous_9)
FN:223,(anonymous_10)
FN:261,getSkillsForCategories
FN:263,(anonymous_12)
FNF:13
FNH:2
FNDA:0,displayBanner
FNDA:0,getProjectConfig
FNDA:0,(anonymous_2)
FNDA:0,(anonymous_3)
FNDA:0,(anonymous_4)
FNDA:0,(anonymous_5)
FNDA:0,(anonymous_6)
FNDA:0,(anonymous_7)
FNDA:0,(anonymous_8)
FNDA:0,(anonymous_9)
FNDA:0,(anonymous_10)
FNDA:3,getSkillsForCategories
FNDA:4,(anonymous_12)
DA:5,3
DA:6,3
DA:7,3
DA:8,3
DA:12,0
DA:13,0
DA:14,0
DA:15,0
DA:16,0
DA:17,0
DA:18,0
DA:19,0
DA:20,0
DA:21,0
DA:22,0
DA:23,0
DA:24,0
DA:27,3
DA:83,0
DA:84,0
DA:98,0
DA:100,0
DA:101,0
DA:106,0
DA:113,0
DA:114,0
DA:116,0
DA:132,0
DA:133,0
DA:145,0
DA:146,0
DA:151,0
DA:152,0
DA:173,0
DA:174,0
DA:179,0
DA:180,0
DA:187,0
DA:189,0
DA:202,0
DA:206,0
DA:219,0
DA:222,0
DA:223,0
DA:225,0
DA:226,0
DA:234,0
DA:235,0
DA:238,0
DA:239,0
DA:242,0
DA:243,0
DA:246,0
DA:254,0
DA:262,3
DA:263,3
DA:264,4
DA:265,3
DA:268,3
DA:271,3
LF:60
LH:11
BRDA:82,0,0,0
BRDA:82,1,0,0
BRDA:83,2,0,0
BRDA:83,2,1,0
BRDA:85,3,0,0
BRDA:85,3,1,0
BRDA:108,4,0,0
BRDA:108,4,1,0
BRDA:113,5,0,0
BRDA:113,5,1,0
BRDA:132,6,0,0
BRDA:132,6,1,0
BRDA:133,7,0,0
BRDA:133,7,1,0
BRDA:145,8,0,0
BRDA:145,8,1,0
BRDA:146,9,0,0
BRDA:146,9,1,0
BRDA:146,10,0,0
BRDA:146,10,1,0
BRDA:151,11,0,0
BRDA:151,11,1,0
BRDA:152,12,0,0
BRDA:152,12,1,0
BRDA:179,13,0,0
BRDA:179,13,1,0
BRDA:202,14,0,0
BRDA:202,14,1,0
BRDA:222,15,0,0
BRDA:222,15,1,0
BRDA:222,16,0,0
BRDA:222,16,1,0
BRDA:225,17,0,0
BRDA:225,17,1,0
BRDA:234,18,0,0
BRDA:234,18,1,0
BRDA:234,19,0,0
BRDA:234,19,1,0
BRDA:238,20,0,0
BRDA:238,20,1,0
BRDA:238,21,0,0
BRDA:238,21,1,0
BRDA:242,22,0,0
BRDA:242,22,1,0
BRDA:242,23,0,0
BRDA:242,23,1,0
BRDA:264,24,0,3
BRDA:264,24,1,1
BRF:48
BRH:2
end_of_record
